TN:
SF:src/index.ts
FNF:0
FNH:0
DA:1,20
DA:3,20
DA:4,20
DA:5,20
DA:6,20
DA:7,20
DA:8,20
DA:9,20
DA:10,20
DA:11,20
DA:12,20
DA:13,20
DA:14,20
DA:15,20
DA:16,20
DA:17,20
DA:18,20
DA:19,20
DA:20,20
DA:21,20
DA:22,20
DA:23,20
DA:24,20
DA:25,20
DA:26,20
DA:27,20
DA:28,20
DA:29,20
DA:30,20
DA:31,20
DA:33,20
DA:34,20
DA:35,20
DA:36,20
DA:37,20
DA:38,20
DA:39,20
DA:40,20
LF:38
LH:38
BRF:0
BRH:0
end_of_record
TN:
SF:src/injection-tokens.ts
FNF:0
FNH:0
DA:1,175
DA:13,175
LF:2
LH:2
BRF:0
BRH:0
end_of_record
TN:
SF:src/preference-keys.ts
FN:1,(anonymous_0)
FN:5,(anonymous_1)
FN:9,(anonymous_2)
FN:13,(anonymous_3)
FN:17,(anonymous_4)
FN:21,(anonymous_5)
FN:26,(anonymous_6)
FN:30,(anonymous_7)
FN:38,(anonymous_8)
FN:43,(anonymous_9)
FN:47,(anonymous_10)
FN:51,(anonymous_11)
FN:57,(anonymous_12)
FN:61,(anonymous_13)
FN:66,(anonymous_14)
FNF:15
FNH:15
FNDA:159,(anonymous_0)
FNDA:159,(anonymous_1)
FNDA:159,(anonymous_2)
FNDA:159,(anonymous_3)
FNDA:159,(anonymous_4)
FNDA:159,(anonymous_5)
FNDA:159,(anonymous_6)
FNDA:159,(anonymous_7)
FNDA:159,(anonymous_8)
FNDA:159,(anonymous_9)
FNDA:159,(anonymous_10)
FNDA:159,(anonymous_11)
FNDA:159,(anonymous_12)
FNDA:159,(anonymous_13)
FNDA:159,(anonymous_14)
DA:1,159
DA:2,159
DA:5,159
DA:6,159
DA:9,159
DA:10,159
DA:13,159
DA:14,159
DA:17,159
DA:18,159
DA:21,159
DA:22,159
DA:23,159
DA:26,159
DA:27,159
DA:30,159
DA:31,159
DA:32,159
DA:33,159
DA:34,159
DA:35,159
DA:38,159
DA:39,159
DA:40,159
DA:43,159
DA:44,159
DA:47,159
DA:48,159
DA:51,159
DA:52,159
DA:53,159
DA:54,159
DA:57,159
DA:58,159
DA:61,159
DA:62,159
DA:63,159
DA:66,159
DA:67,159
LF:39
LH:39
BRDA:1,0,0,159
BRDA:1,0,1,159
BRDA:5,1,0,159
BRDA:5,1,1,159
BRDA:9,2,0,159
BRDA:9,2,1,159
BRDA:13,3,0,159
BRDA:13,3,1,159
BRDA:17,4,0,159
BRDA:17,4,1,159
BRDA:21,5,0,159
BRDA:21,5,1,159
BRDA:26,6,0,159
BRDA:26,6,1,159
BRDA:30,7,0,159
BRDA:30,7,1,159
BRDA:38,8,0,159
BRDA:38,8,1,159
BRDA:43,9,0,159
BRDA:43,9,1,159
BRDA:47,10,0,159
BRDA:47,10,1,159
BRDA:51,11,0,159
BRDA:51,11,1,159
BRDA:57,12,0,159
BRDA:57,12,1,159
BRDA:61,13,0,159
BRDA:61,13,1,159
BRDA:66,14,0,159
BRDA:66,14,1,159
BRF:30
BRH:30
end_of_record
TN:
SF:src/sdk.ts
FN:101,(anonymous_13)
FN:106,(anonymous_14)
FN:116,(anonymous_15)
FN:120,(anonymous_16)
FN:124,(anonymous_17)
FN:128,(anonymous_18)
FN:132,(anonymous_19)
FN:136,(anonymous_20)
FN:140,(anonymous_21)
FN:144,(anonymous_22)
FN:148,(anonymous_23)
FN:152,(anonymous_24)
FN:156,(anonymous_25)
FN:160,(anonymous_26)
FN:164,(anonymous_27)
FN:168,(anonymous_28)
FN:172,(anonymous_29)
FN:176,(anonymous_30)
FN:180,(anonymous_31)
FN:184,(anonymous_32)
FN:188,(anonymous_33)
FN:192,(anonymous_34)
FN:196,(anonymous_35)
FN:200,(anonymous_36)
FN:204,(anonymous_37)
FN:208,(anonymous_38)
FN:212,(anonymous_39)
FN:216,(anonymous_40)
FN:220,(anonymous_41)
FN:224,(anonymous_42)
FN:228,(anonymous_43)
FN:232,(anonymous_44)
FN:236,(anonymous_45)
FN:240,(anonymous_46)
FN:244,(anonymous_47)
FN:248,(anonymous_48)
FN:252,(anonymous_49)
FN:256,(anonymous_50)
FN:260,(anonymous_51)
FN:264,(anonymous_52)
FN:268,(anonymous_53)
FN:272,(anonymous_54)
FN:276,(anonymous_55)
FN:293,(anonymous_57)
FN:455,(anonymous_58)
FN:468,(anonymous_59)
FN:472,(anonymous_60)
FN:495,(anonymous_61)
FN:503,(anonymous_62)
FN:514,(anonymous_63)
FN:522,(anonymous_64)
FN:530,(anonymous_65)
FN:532,(anonymous_66)
FN:533,(anonymous_67)
FN:538,(anonymous_68)
FNF:55
FNH:3
FNDA:1,(anonymous_13)
FNDA:66,(anonymous_14)
FNDA:0,(anonymous_15)
FNDA:0,(anonymous_16)
FNDA:0,(anonymous_17)
FNDA:0,(anonymous_18)
FNDA:0,(anonymous_19)
FNDA:1,(anonymous_20)
FNDA:0,(anonymous_21)
FNDA:0,(anonymous_22)
FNDA:0,(anonymous_23)
FNDA:0,(anonymous_24)
FNDA:0,(anonymous_25)
FNDA:0,(anonymous_26)
FNDA:0,(anonymous_27)
FNDA:0,(anonymous_28)
FNDA:0,(anonymous_29)
FNDA:0,(anonymous_30)
FNDA:0,(anonymous_31)
FNDA:0,(anonymous_32)
FNDA:0,(anonymous_33)
FNDA:0,(anonymous_34)
FNDA:0,(anonymous_35)
FNDA:0,(anonymous_36)
FNDA:0,(anonymous_37)
FNDA:0,(anonymous_38)
FNDA:0,(anonymous_39)
FNDA:0,(anonymous_40)
FNDA:0,(anonymous_41)
FNDA:0,(anonymous_42)
FNDA:0,(anonymous_43)
FNDA:0,(anonymous_44)
FNDA:0,(anonymous_45)
FNDA:0,(anonymous_46)
FNDA:0,(anonymous_47)
FNDA:0,(anonymous_48)
FNDA:0,(anonymous_49)
FNDA:0,(anonymous_50)
FNDA:0,(anonymous_51)
FNDA:0,(anonymous_52)
FNDA:0,(anonymous_53)
FNDA:0,(anonymous_54)
FNDA:0,(anonymous_55)
FNDA:0,(anonymous_57)
FNDA:0,(anonymous_58)
FNDA:0,(anonymous_59)
FNDA:0,(anonymous_60)
FNDA:0,(anonymous_61)
FNDA:0,(anonymous_62)
FNDA:0,(anonymous_63)
FNDA:0,(anonymous_64)
FNDA:0,(anonymous_65)
FNDA:0,(anonymous_66)
FNDA:0,(anonymous_67)
FNDA:0,(anonymous_68)
DA:1,53
DA:7,53
DA:8,53
DA:9,53
DA:10,53
DA:12,53
DA:14,53
DA:15,53
DA:16,53
DA:18,53
DA:19,53
DA:21,53
DA:23,53
DA:24,53
DA:25,53
DA:26,53
DA:27,53
DA:28,53
DA:29,53
DA:30,53
DA:31,53
DA:32,53
DA:33,53
DA:36,53
DA:37,53
DA:38,53
DA:40,53
DA:41,53
DA:43,53
DA:45,53
DA:46,53
DA:48,53
DA:49,53
DA:50,53
DA:52,53
DA:54,53
DA:56,53
DA:58,53
DA:59,53
DA:61,53
DA:62,53
DA:63,53
DA:64,53
DA:65,53
DA:66,53
DA:67,53
DA:68,53
DA:70,53
DA:71,53
DA:72,53
DA:74,53
DA:76,53
DA:80,53
DA:82,53
DA:84,53
DA:87,53
DA:90,53
DA:91,53
DA:92,53
DA:95,53
DA:96,53
DA:98,53
DA:101,53
DA:107,66
DA:108,1
DA:111,66
DA:114,1
DA:117,0
DA:121,0
DA:125,0
DA:129,0
DA:133,0
DA:137,1
DA:141,0
DA:145,0
DA:149,0
DA:153,0
DA:157,0
DA:161,0
DA:165,0
DA:169,0
DA:173,0
DA:177,0
DA:181,0
DA:185,0
DA:189,0
DA:193,0
DA:197,0
DA:201,0
DA:205,0
DA:209,0
DA:213,0
DA:217,0
DA:221,0
DA:225,0
DA:229,0
DA:233,0
DA:237,0
DA:241,0
DA:245,0
DA:249,0
DA:253,0
DA:257,0
DA:261,0
DA:265,0
DA:269,0
DA:273,0
DA:277,0
DA:279,0
DA:281,0
DA:283,0
DA:294,0
DA:304,0
DA:306,0
DA:308,0
DA:310,0
DA:312,0
DA:314,0
DA:317,0
DA:319,0
DA:321,0
DA:323,0
DA:325,0
DA:327,0
DA:329,0
DA:331,0
DA:333,0
DA:335,0
DA:338,0
DA:340,0
DA:342,0
DA:344,0
DA:346,0
DA:348,0
DA:350,0
DA:352,0
DA:355,0
DA:357,0
DA:359,0
DA:361,0
DA:363,0
DA:365,0
DA:367,0
DA:369,0
DA:371,0
DA:373,0
DA:375,0
DA:377,0
DA:379,0
DA:381,0
DA:383,0
DA:386,0
DA:389,0
DA:391,0
DA:393,0
DA:395,0
DA:397,0
DA:399,0
DA:401,0
DA:403,0
DA:405,0
DA:407,0
DA:456,0
DA:457,0
DA:458,0
DA:459,0
DA:460,0
DA:461,0
DA:462,0
DA:463,0
DA:464,0
DA:469,0
DA:473,0
DA:477,0
DA:478,0
DA:479,0
DA:480,0
DA:481,0
DA:482,0
DA:483,0
DA:484,0
DA:485,0
DA:487,0
DA:488,0
DA:489,0
DA:490,0
DA:492,0
DA:496,0
DA:497,0
DA:498,0
DA:504,0
DA:505,0
DA:506,0
DA:507,0
DA:508,0
DA:515,0
DA:516,0
DA:517,0
DA:523,0
DA:524,0
DA:525,0
DA:531,0
DA:532,0
DA:533,0
DA:539,0
LF:205
LH:68
BRDA:107,0,0,1
BRDA:304,1,0,0
BRDA:304,1,1,0
BRDA:304,1,2,0
BRDA:409,2,0,0
BRDA:409,2,1,0
BRDA:497,3,0,0
BRDA:505,4,0,0
BRDA:507,5,0,0
BRDA:516,6,0,0
BRDA:524,7,0,0
BRF:11
BRH:1
end_of_record
TN:
SF:src/sunbird-error.ts
FN:4,(anonymous_0)
FN:11,(anonymous_1)
FNF:2
FNH:2
FNDA:38,(anonymous_0)
FNDA:5,(anonymous_1)
DA:1,77
DA:5,38
DA:6,38
DA:8,38
DA:12,5
LF:5
LH:5
BRF:0
BRH:0
end_of_record
TN:
SF:src/__test__/mocks.ts
FNF:0
FNH:0
DA:2,1
DA:6,1
DA:7,1
DA:8,1
LF:4
LH:4
BRF:0
BRH:0
end_of_record
TN:
SF:src/api/api-service-impl.ts
FN:40,(anonymous_4)
FN:63,(anonymous_5)
FN:78,(anonymous_6)
FN:88,(anonymous_7)
FN:89,(anonymous_8)
FN:100,(anonymous_9)
FN:103,(anonymous_10)
FN:106,(anonymous_11)
FN:116,(anonymous_12)
FN:117,(anonymous_13)
FN:123,(anonymous_14)
FN:148,(anonymous_15)
FN:184,(anonymous_16)
FN:194,(anonymous_17)
FNF:14
FNH:10
FNDA:2,(anonymous_4)
FNDA:3,(anonymous_5)
FNDA:3,(anonymous_6)
FNDA:3,(anonymous_7)
FNDA:3,(anonymous_8)
FNDA:3,(anonymous_9)
FNDA:1,(anonymous_10)
FNDA:0,(anonymous_11)
FNDA:3,(anonymous_12)
FNDA:0,(anonymous_13)
FNDA:0,(anonymous_14)
FNDA:2,(anonymous_15)
FNDA:2,(anonymous_16)
FNDA:0,(anonymous_17)
DA:2,147
DA:6,147
DA:7,147
DA:9,147
DA:10,147
DA:11,147
DA:13,147
DA:14,147
DA:23,147
DA:24,147
DA:26,147
DA:27,147
DA:33,147
DA:34,147
DA:35,2
DA:36,2
DA:37,2
DA:41,2
DA:42,2
DA:43,2
DA:44,2
DA:45,2
DA:46,2
DA:48,2
DA:50,2
DA:51,1
DA:55,1
DA:64,3
DA:65,1
DA:73,3
DA:79,3
DA:80,1
DA:85,3
DA:89,3
DA:90,3
DA:91,1
DA:93,2
DA:96,3
DA:99,3
DA:101,3
DA:102,1
DA:104,1
DA:106,0
DA:110,2
DA:111,2
DA:112,2
DA:117,3
DA:118,0
DA:119,0
DA:123,3
DA:124,0
DA:125,0
DA:129,3
DA:130,1
DA:131,1
DA:132,1
DA:134,0
DA:138,3
DA:139,1
DA:140,1
DA:141,1
DA:143,0
DA:147,3
DA:149,2
DA:150,1
DA:158,1
DA:159,1
DA:160,1
DA:161,1
DA:170,1
DA:171,1
DA:180,2
DA:185,2
DA:187,2
DA:188,2
DA:195,0
DA:197,0
DA:198,0
LF:78
LH:68
BRDA:50,0,0,1
BRDA:64,1,0,1
BRDA:79,2,0,1
BRDA:90,3,0,1
BRDA:90,3,1,2
BRDA:101,4,0,1
BRDA:118,5,0,0
BRDA:124,6,0,0
BRDA:129,7,0,1
BRDA:131,8,0,1
BRDA:131,8,1,0
BRDA:138,9,0,1
BRDA:140,10,0,1
BRDA:140,10,1,0
BRDA:149,11,0,1
BRDA:149,11,1,1
BRDA:158,12,0,1
BRDA:159,13,0,1
BRDA:170,14,0,1
BRDA:187,15,0,2
BRDA:197,16,0,0
BRF:21
BRH:16
end_of_record
TN:
SF:src/api/index.ts
FN:2,(anonymous_4)
FN:3,(anonymous_5)
FN:4,(anonymous_6)
FN:5,(anonymous_7)
FN:6,(anonymous_8)
FN:10,(anonymous_9)
FN:11,(anonymous_10)
FN:12,(anonymous_11)
FNF:8
FNH:6
FNDA:68,(anonymous_4)
FNDA:15,(anonymous_5)
FNDA:9,(anonymous_6)
FNDA:73,(anonymous_7)
FNDA:119,(anonymous_8)
FNDA:0,(anonymous_9)
FNDA:3,(anonymous_10)
FNDA:0,(anonymous_11)
DA:1,147
DA:2,215
DA:3,162
DA:4,156
DA:5,220
DA:6,266
DA:9,147
DA:10,147
DA:11,150
DA:12,147
DA:15,147
DA:16,147
DA:17,147
DA:18,147
DA:19,147
LF:15
LH:15
BRF:0
BRH:0
end_of_record
TN:
SF:src/api/handlers/api-token-handler.ts
FN:12,(anonymous_8)
FN:19,(anonymous_9)
FN:25,(anonymous_10)
FN:29,(anonymous_11)
FN:48,(anonymous_12)
FN:51,(anonymous_14)
FN:53,(anonymous_15)
FN:68,(anonymous_16)
FN:70,(anonymous_18)
FN:76,(anonymous_19)
FN:81,(anonymous_20)
FNF:11
FNH:11
FNDA:1,(anonymous_8)
FNDA:6,(anonymous_9)
FNDA:11,(anonymous_10)
FNDA:10,(anonymous_11)
FNDA:6,(anonymous_12)
FNDA:1,(anonymous_14)
FNDA:5,(anonymous_15)
FNDA:4,(anonymous_16)
FNDA:2,(anonymous_18)
FNDA:2,(anonymous_19)
FNDA:10,(anonymous_20)
DA:1,145
DA:2,145
DA:3,145
DA:5,145
DA:7,145
DA:9,145
DA:10,145
DA:13,1
DA:14,1
DA:15,1
DA:20,6
DA:26,11
DA:30,10
DA:49,6
DA:50,6
DA:52,1
DA:54,5
DA:55,4
DA:56,4
DA:57,3
DA:58,3
DA:59,3
DA:61,1
DA:64,1
DA:69,4
DA:71,2
DA:72,2
DA:73,1
DA:75,1
DA:82,10
DA:83,10
DA:84,10
LF:32
LH:32
BRDA:54,0,0,4
BRDA:56,1,0,3
BRDA:56,1,1,1
BRDA:58,2,0,2
BRDA:58,2,1,1
BRDA:59,3,0,3
BRDA:59,3,1,1
BRDA:72,4,0,1
BRF:8
BRH:8
end_of_record
TN:
SF:src/api/network-queue/index.ts
FNF:0
FNH:0
DA:1,58
DA:2,58
LF:2
LH:2
BRF:0
BRH:0
end_of_record
TN:
SF:src/api/network-queue/db/schema.ts
FN:4,(anonymous_0)
FN:28,(anonymous_1)
FN:42,(anonymous_2)
FN:47,(anonymous_3)
FNF:4
FNH:3
FNDA:58,(anonymous_0)
FNDA:8,(anonymous_1)
FNDA:0,(anonymous_2)
FNDA:3,(anonymous_3)
DA:1,58
DA:4,58
DA:6,58
DA:7,58
DA:8,58
DA:9,58
DA:10,58
DA:11,58
DA:12,58
DA:13,58
DA:14,58
DA:15,58
DA:28,58
DA:29,8
DA:42,58
DA:43,0
DA:46,58
DA:48,3
LF:18
LH:17
BRDA:4,0,0,58
BRDA:4,0,1,58
BRF:2
BRH:2
end_of_record
TN:
SF:src/api/network-queue/def/network-queue.ts
FN:4,(anonymous_0)
FNF:1
FNH:1
FNDA:58,(anonymous_0)
DA:4,58
DA:5,58
DA:6,58
DA:7,58
LF:4
LH:4
BRDA:4,0,0,58
BRDA:4,0,1,58
BRF:2
BRH:2
end_of_record
TN:
SF:src/api/network-queue/handlers/network-request-handler.ts
FN:9,(anonymous_0)
FN:12,(anonymous_1)
FN:16,(anonymous_2)
FNF:3
FNH:3
FNDA:9,(anonymous_0)
FNDA:5,(anonymous_1)
FNDA:18,(anonymous_2)
DA:1,55
DA:2,55
DA:3,55
DA:5,55
DA:7,55
DA:9,9
DA:15,5
DA:16,3
DA:17,18
DA:19,3
DA:20,3
DA:33,2
DA:34,2
DA:43,5
DA:54,5
LF:15
LH:15
BRDA:15,0,0,3
BRDA:15,0,1,2
BRDA:45,1,0,3
BRDA:45,1,1,2
BRDA:47,2,0,3
BRDA:47,2,1,2
BRF:6
BRH:6
end_of_record
TN:
SF:src/api/network-queue/impl/network-queue-impl.ts
FN:17,(anonymous_11)
FN:25,(anonymous_12)
FN:28,(anonymous_13)
FN:29,(anonymous_14)
FN:29,(anonymous_15)
FN:31,(anonymous_16)
FN:35,(anonymous_17)
FN:43,(anonymous_18)
FN:46,(anonymous_19)
FN:55,(anonymous_20)
FN:58,(anonymous_21)
FN:75,(anonymous_22)
FN:97,(anonymous_23)
FNF:13
FNH:13
FNDA:1,(anonymous_11)
FNDA:3,(anonymous_12)
FNDA:3,(anonymous_13)
FNDA:3,(anonymous_14)
FNDA:3,(anonymous_15)
FNDA:2,(anonymous_16)
FNDA:1,(anonymous_17)
FNDA:5,(anonymous_18)
FNDA:5,(anonymous_19)
FNDA:5,(anonymous_20)
FNDA:5,(anonymous_21)
FNDA:5,(anonymous_22)
FNDA:3,(anonymous_23)
DA:1,54
DA:2,54
DA:3,54
DA:4,54
DA:6,54
DA:7,54
DA:8,54
DA:9,54
DA:16,54
DA:18,1
DA:19,1
DA:20,1
DA:21,1
DA:26,3
DA:28,3
DA:29,3
DA:30,3
DA:31,3
DA:32,2
DA:33,2
DA:36,1
DA:44,5
DA:47,5
DA:48,5
DA:49,5
DA:50,5
DA:53,5
DA:56,5
DA:59,5
DA:60,5
DA:62,5
DA:63,5
DA:64,5
DA:65,0
DA:68,5
DA:71,5
DA:76,5
DA:77,5
DA:78,5
DA:79,5
DA:80,5
DA:81,5
DA:82,5
DA:83,5
DA:92,5
DA:98,3
DA:100,2
DA:102,1
LF:48
LH:47
BRDA:26,0,0,2
BRDA:26,0,1,1
BRDA:47,1,0,5
BRDA:59,2,0,5
BRDA:64,3,0,0
BRDA:98,4,0,2
BRDA:98,4,1,1
BRF:7
BRH:6
end_of_record
TN:
SF:src/api/util/jwt.util.ts
FN:3,(anonymous_6)
FN:8,(anonymous_7)
FN:12,(anonymous_8)
FNF:3
FNH:3
FNDA:148,(anonymous_6)
FNDA:2,(anonymous_7)
FNDA:8,(anonymous_8)
DA:1,148
DA:3,148
DA:4,148
DA:7,148
DA:9,2
DA:13,8
LF:6
LH:6
BRDA:3,0,0,148
BRDA:3,0,1,148
BRDA:8,1,0,0
BRF:3
BRH:2
end_of_record
TN:
SF:src/api/util/authenticators/bearer-token-refresh-interceptor.ts
FN:18,(anonymous_7)
FN:27,(anonymous_8)
FN:32,(anonymous_9)
FN:32,(anonymous_10)
FN:35,(anonymous_11)
FNF:5
FNH:5
FNDA:2,(anonymous_7)
FNDA:2,(anonymous_8)
FNDA:1,(anonymous_9)
FNDA:1,(anonymous_10)
FNDA:1,(anonymous_11)
DA:1,147
DA:3,147
DA:4,147
DA:7,147
DA:8,147
DA:15,147
DA:19,2
DA:20,2
DA:21,2
DA:22,2
DA:24,2
DA:28,2
DA:30,1
DA:32,1
DA:33,1
DA:35,1
DA:39,1
LF:17
LH:17
BRDA:28,0,0,1
BRDA:28,1,0,2
BRDA:28,1,1,0
BRDA:28,1,2,2
BRF:4
BRH:3
end_of_record
TN:
SF:src/api/util/authenticators/user-token-refresh-interceptor.ts
FN:13,(anonymous_0)
FN:19,(anonymous_1)
FN:30,(anonymous_2)
FN:34,(anonymous_3)
FNF:4
FNH:4
FNDA:2,(anonymous_0)
FNDA:3,(anonymous_1)
FNDA:1,(anonymous_2)
FNDA:1,(anonymous_3)
DA:2,147
DA:4,147
DA:5,147
DA:12,147
DA:14,2
DA:15,2
DA:20,3
DA:21,1
DA:24,2
DA:25,1
DA:28,1
DA:30,1
DA:35,1
LF:13
LH:13
BRDA:20,0,0,1
BRDA:24,1,0,1
BRF:2
BRH:2
end_of_record
TN:
SF:src/archive/index.ts
FNF:0
FNH:0
DA:1,56
DA:2,56
DA:3,56
DA:4,56
LF:4
LH:4
BRF:0
BRH:0
end_of_record
TN:
SF:src/archive/def/archive-service.ts
FN:3,(anonymous_0)
FNF:1
FNH:1
FNDA:56,(anonymous_0)
DA:3,56
DA:4,56
DA:5,56
DA:6,56
LF:4
LH:4
BRDA:3,0,0,56
BRDA:3,0,1,56
BRF:2
BRH:2
end_of_record
TN:
SF:src/archive/export/error/export-assertion-error.ts
FN:4,(anonymous_0)
FNF:1
FNH:1
FNDA:3,(anonymous_0)
DA:1,56
DA:3,56
DA:5,3
DA:6,3
LF:4
LH:4
BRF:0
BRH:0
end_of_record
TN:
SF:src/archive/export/error/invalid-request-error.ts
FN:4,(anonymous_0)
FNF:1
FNH:1
FNDA:2,(anonymous_0)
DA:1,56
DA:3,56
DA:5,2
DA:6,2
LF:4
LH:4
BRF:0
BRH:0
end_of_record
TN:
SF:src/archive/export/error/object-not-found-error.ts
FN:4,(anonymous_0)
FNF:1
FNH:1
FNDA:1,(anonymous_0)
DA:1,56
DA:3,56
DA:5,1
DA:6,1
LF:4
LH:4
BRF:0
BRH:0
end_of_record
TN:
SF:src/archive/export/impl/telemetry-export-delegate.ts
FN:14,(anonymous_7)
FN:20,(anonymous_8)
FN:21,(anonymous_9)
FN:22,(anonymous_10)
FN:22,(anonymous_11)
FN:59,(anonymous_12)
FN:103,(anonymous_13)
FN:107,(anonymous_15)
FN:117,(anonymous_16)
FN:121,(anonymous_18)
FN:125,(anonymous_20)
FN:134,(anonymous_22)
FN:137,(anonymous_23)
FNF:13
FNH:13
FNDA:1,(anonymous_7)
FNDA:3,(anonymous_8)
FNDA:3,(anonymous_9)
FNDA:3,(anonymous_10)
FNDA:3,(anonymous_11)
FNDA:4,(anonymous_12)
FNDA:3,(anonymous_13)
FNDA:3,(anonymous_15)
FNDA:2,(anonymous_16)
FNDA:2,(anonymous_18)
FNDA:2,(anonymous_20)
FNDA:4,(anonymous_22)
FNDA:4,(anonymous_23)
DA:2,54
DA:5,54
DA:6,54
DA:8,54
DA:9,54
DA:11,54
DA:15,1
DA:16,1
DA:21,3
DA:22,3
DA:23,3
DA:28,3
DA:33,3
DA:34,3
DA:36,1
DA:37,1
DA:40,2
DA:45,2
DA:47,2
DA:52,2
DA:54,2
DA:56,2
DA:57,2
DA:58,4
DA:59,4
DA:60,4
DA:61,1
DA:65,1
DA:68,3
DA:70,3
DA:89,0
DA:90,0
DA:93,2
DA:98,2
DA:104,3
DA:108,3
DA:112,3
DA:113,1
DA:118,2
DA:122,2
DA:126,2
DA:134,4
DA:138,4
DA:144,4
DA:145,1
DA:148,3
DA:157,3
LF:47
LH:45
BRDA:60,0,0,1
BRDA:108,1,0,3
BRDA:108,1,1,3
BRDA:108,1,2,3
BRDA:112,2,0,1
BRDA:144,3,0,1
BRF:6
BRH:6
end_of_record
TN:
SF:src/archive/impl/archive-service-impl.ts
FN:50,(anonymous_4)
FN:61,(anonymous_5)
FN:64,(anonymous_6)
FN:70,(anonymous_7)
FN:73,(anonymous_8)
FN:79,(anonymous_9)
FN:89,(anonymous_10)
FN:90,(anonymous_11)
FN:92,(anonymous_12)
FN:105,(anonymous_13)
FN:111,(anonymous_14)
FN:117,(anonymous_15)
FN:119,(anonymous_16)
FN:120,(anonymous_17)
FN:121,(anonymous_18)
FN:123,(anonymous_19)
FN:127,(anonymous_20)
FN:128,(anonymous_21)
FN:165,(anonymous_22)
FN:168,(anonymous_23)
FN:169,(anonymous_24)
FN:172,(anonymous_25)
FN:184,(anonymous_26)
FN:186,(anonymous_27)
FN:187,(anonymous_28)
FN:191,(anonymous_29)
FN:220,(anonymous_30)
FN:235,(anonymous_31)
FN:236,(anonymous_32)
FN:238,(anonymous_33)
FN:238,(anonymous_34)
FN:239,(anonymous_35)
FN:240,(anonymous_36)
FN:242,(anonymous_37)
FN:263,(anonymous_38)
FN:268,(anonymous_39)
FN:281,(anonymous_40)
FN:285,(anonymous_41)
FN:286,(anonymous_42)
FN:323,(anonymous_43)
FN:325,(anonymous_44)
FN:330,(anonymous_45)
FN:334,(anonymous_46)
FN:337,(anonymous_47)
FN:340,(anonymous_48)
FN:353,(anonymous_49)
FN:359,(anonymous_50)
FN:366,(anonymous_51)
FN:369,(anonymous_52)
FN:370,(anonymous_53)
FN:371,(anonymous_54)
FNF:51
FNH:50
FNDA:1,(anonymous_4)
FNDA:9,(anonymous_5)
FNDA:9,(anonymous_6)
FNDA:2,(anonymous_7)
FNDA:2,(anonymous_8)
FNDA:6,(anonymous_9)
FNDA:5,(anonymous_10)
FNDA:5,(anonymous_11)
FNDA:5,(anonymous_12)
FNDA:9,(anonymous_13)
FNDA:9,(anonymous_14)
FNDA:9,(anonymous_15)
FNDA:2,(anonymous_16)
FNDA:2,(anonymous_17)
FNDA:1,(anonymous_18)
FNDA:13,(anonymous_19)
FNDA:1,(anonymous_20)
FNDA:1,(anonymous_21)
FNDA:2,(anonymous_22)
FNDA:2,(anonymous_23)
FNDA:1,(anonymous_24)
FNDA:1,(anonymous_25)
FNDA:2,(anonymous_26)
FNDA:2,(anonymous_27)
FNDA:2,(anonymous_28)
FNDA:2,(anonymous_29)
FNDA:3,(anonymous_30)
FNDA:2,(anonymous_31)
FNDA:2,(anonymous_32)
FNDA:2,(anonymous_33)
FNDA:2,(anonymous_34)
FNDA:2,(anonymous_35)
FNDA:1,(anonymous_36)
FNDA:1,(anonymous_37)
FNDA:2,(anonymous_38)
FNDA:2,(anonymous_39)
FNDA:9,(anonymous_40)
FNDA:2,(anonymous_41)
FNDA:2,(anonymous_42)
FNDA:2,(anonymous_43)
FNDA:2,(anonymous_44)
FNDA:2,(anonymous_45)
FNDA:2,(anonymous_46)
FNDA:0,(anonymous_47)
FNDA:1,(anonymous_48)
FNDA:2,(anonymous_49)
FNDA:2,(anonymous_50)
FNDA:2,(anonymous_51)
FNDA:2,(anonymous_52)
FNDA:2,(anonymous_53)
FNDA:3,(anonymous_54)
DA:1,54
DA:9,54
DA:10,54
DA:11,54
DA:13,54
DA:14,54
DA:15,54
DA:16,54
DA:17,54
DA:19,54
DA:20,54
DA:21,54
DA:23,54
DA:46,54
DA:47,54
DA:48,54
DA:51,1
DA:52,1
DA:53,1
DA:54,1
DA:55,1
DA:56,1
DA:57,1
DA:64,9
DA:65,9
DA:66,9
DA:73,2
DA:74,2
DA:75,2
DA:80,6
DA:81,6
DA:84,6
DA:85,1
DA:88,5
DA:89,5
DA:91,5
DA:93,5
DA:96,1
DA:99,1
DA:101,3
DA:105,9
DA:112,9
DA:117,9
DA:119,2
DA:120,2
DA:121,1
DA:123,13
DA:128,1
DA:129,1
DA:132,0
DA:135,0
DA:148,1
DA:155,1
DA:160,1
DA:166,2
DA:167,2
DA:168,2
DA:169,2
DA:170,1
DA:171,1
DA:173,1
DA:185,2
DA:186,2
DA:188,2
DA:192,2
DA:195,2
DA:221,3
DA:222,3
DA:224,3
DA:225,1
DA:228,2
DA:234,2
DA:235,2
DA:236,2
DA:238,2
DA:239,2
DA:241,1
DA:243,1
DA:246,0
DA:249,0
DA:251,1
DA:263,2
DA:269,2
DA:281,9
DA:286,2
DA:287,2
DA:290,0
DA:293,0
DA:306,2
DA:313,2
DA:318,2
DA:324,2
DA:325,2
DA:326,2
DA:331,2
DA:335,2
DA:336,2
DA:337,0
DA:341,1
DA:342,1
DA:358,2
DA:360,2
DA:361,2
DA:363,0
DA:367,2
DA:370,2
DA:371,3
DA:373,2
DA:374,0
DA:377,2
DA:382,2
LF:111
LH:102
BRDA:80,0,0,0
BRDA:80,0,1,6
BRDA:84,1,0,1
BRDA:93,2,0,1
BRDA:93,2,1,1
BRDA:93,2,2,3
BRDA:129,3,0,0
BRDA:129,3,1,0
BRDA:129,3,2,1
BRDA:166,4,0,0
BRDA:166,4,1,2
BRDA:221,5,0,0
BRDA:221,5,1,3
BRDA:224,6,0,1
BRDA:243,7,0,0
BRDA:243,7,1,0
BRDA:243,7,2,1
BRDA:287,8,0,0
BRDA:287,8,1,0
BRDA:287,8,2,2
BRDA:373,9,0,0
BRF:21
BRH:11
end_of_record
TN:
SF:src/archive/import/error/import-assertion-error.ts
FN:4,(anonymous_0)
FNF:1
FNH:1
FNDA:2,(anonymous_0)
DA:1,55
DA:3,55
DA:5,2
DA:6,2
LF:4
LH:4
BRF:0
BRH:0
end_of_record
TN:
SF:src/archive/import/error/invalid-archive-error.ts
FN:4,(anonymous_0)
FNF:1
FNH:1
FNDA:1,(anonymous_0)
DA:1,55
DA:3,55
DA:5,1
DA:6,1
LF:4
LH:4
BRF:0
BRH:0
end_of_record
TN:
SF:src/archive/import/error/unknown-object-error.ts
FN:4,(anonymous_0)
FNF:1
FNH:1
FNDA:1,(anonymous_0)
DA:1,53
DA:3,53
DA:5,1
DA:6,1
LF:4
LH:4
BRF:0
BRH:0
end_of_record
TN:
SF:src/archive/import/impl/telemetry-import-delegate.ts
FN:21,(anonymous_7)
FN:29,(anonymous_8)
FN:33,(anonymous_9)
FN:34,(anonymous_10)
FN:34,(anonymous_11)
FN:60,(anonymous_12)
FN:85,(anonymous_13)
FN:89,(anonymous_15)
FN:90,(anonymous_17)
FNF:9
FNH:9
FNDA:1,(anonymous_7)
FNDA:2,(anonymous_8)
FNDA:2,(anonymous_9)
FNDA:2,(anonymous_10)
FNDA:2,(anonymous_11)
FNDA:2,(anonymous_12)
FNDA:2,(anonymous_13)
FNDA:2,(anonymous_15)
FNDA:2,(anonymous_17)
DA:8,53
DA:10,53
DA:14,53
DA:15,53
DA:18,53
DA:22,1
DA:23,1
DA:24,1
DA:25,1
DA:33,2
DA:34,2
DA:35,2
DA:40,2
DA:42,2
DA:49,2
DA:51,2
DA:52,2
DA:53,3
DA:55,3
DA:56,1
DA:57,1
DA:60,2
DA:61,2
DA:71,0
DA:72,0
DA:75,1
DA:80,1
DA:86,2
DA:90,2
DA:91,2
LF:30
LH:28
BRDA:55,0,0,1
BRF:1
BRH:1
end_of_record
TN:
SF:src/auth/index.ts
FNF:0
FNH:0
DA:1,24
DA:2,24
DA:3,24
DA:4,24
DA:5,24
DA:7,24
DA:8,24
DA:9,24
DA:10,24
DA:12,24
DA:13,24
DA:14,24
DA:15,24
DA:16,24
DA:17,24
DA:18,24
DA:19,24
DA:20,24
DA:21,24
DA:22,24
LF:20
LH:20
BRF:0
BRH:0
end_of_record
TN:
SF:src/auth/def/auth-event.ts
FN:7,(anonymous_0)
FNF:1
FNH:1
FNDA:24,(anonymous_0)
DA:7,24
DA:8,24
DA:9,24
LF:3
LH:3
BRDA:7,0,0,24
BRDA:7,0,1,24
BRF:2
BRH:2
end_of_record
TN:
SF:src/auth/errors/auth-token-refresh-error.ts
FN:4,(anonymous_0)
FNF:1
FNH:1
FNDA:2,(anonymous_0)
DA:1,53
DA:3,53
DA:5,2
DA:7,2
LF:4
LH:4
BRF:0
BRH:0
end_of_record
TN:
SF:src/auth/errors/sign-in-error.ts
FN:4,(anonymous_0)
FNF:1
FNH:1
FNDA:6,(anonymous_0)
DA:1,24
DA:3,24
DA:5,6
DA:7,6
LF:4
LH:4
BRF:0
BRH:0
end_of_record
TN:
SF:src/auth/impl/auth-service-impl.ts
FN:21,(anonymous_11)
FN:31,(anonymous_12)
FN:32,(anonymous_13)
FN:32,(anonymous_14)
FN:52,(anonymous_15)
FN:52,(anonymous_16)
FN:73,(anonymous_17)
FN:74,(anonymous_18)
FN:74,(anonymous_19)
FN:87,(anonymous_20)
FN:88,(anonymous_21)
FN:88,(anonymous_22)
FN:101,(anonymous_23)
FN:102,(anonymous_24)
FN:113,(anonymous_25)
FN:117,(anonymous_26)
FN:121,(anonymous_27)
FN:125,(anonymous_28)
FN:126,(anonymous_29)
FN:127,(anonymous_30)
FN:128,(anonymous_31)
FN:129,(anonymous_32)
FN:134,(anonymous_33)
FN:141,(anonymous_34)
FNF:24
FNH:21
FNDA:20,(anonymous_11)
FNDA:14,(anonymous_12)
FNDA:5,(anonymous_13)
FNDA:5,(anonymous_14)
FNDA:4,(anonymous_15)
FNDA:4,(anonymous_16)
FNDA:14,(anonymous_17)
FNDA:5,(anonymous_18)
FNDA:5,(anonymous_19)
FNDA:14,(anonymous_20)
FNDA:5,(anonymous_21)
FNDA:5,(anonymous_22)
FNDA:2,(anonymous_23)
FNDA:2,(anonymous_24)
FNDA:1,(anonymous_25)
FNDA:1,(anonymous_26)
FNDA:1,(anonymous_27)
FNDA:14,(anonymous_28)
FNDA:14,(anonymous_29)
FNDA:14,(anonymous_30)
FNDA:0,(anonymous_31)
FNDA:0,(anonymous_32)
FNDA:0,(anonymous_33)
FNDA:5,(anonymous_34)
DA:3,54
DA:4,54
DA:7,54
DA:8,54
DA:10,54
DA:11,54
DA:12,54
DA:16,54
DA:17,54
DA:22,20
DA:23,20
DA:24,20
DA:25,20
DA:27,20
DA:28,20
DA:32,14
DA:33,5
DA:34,4
DA:35,4
DA:36,2
DA:37,2
DA:38,2
DA:40,2
DA:41,2
DA:42,2
DA:45,1
DA:46,1
DA:49,5
DA:52,14
DA:53,4
DA:54,3
DA:55,3
DA:56,3
DA:57,2
DA:58,2
DA:60,1
DA:61,1
DA:62,1
DA:65,1
DA:66,1
DA:69,4
DA:72,14
DA:73,14
DA:74,5
DA:75,5
DA:76,0
DA:79,5
DA:80,5
DA:81,5
DA:82,5
DA:84,5
DA:87,14
DA:88,5
DA:89,5
DA:90,1
DA:93,4
DA:102,2
DA:103,2
DA:104,1
DA:105,1
DA:107,1
DA:108,1
DA:109,1
DA:114,1
DA:118,1
DA:122,1
DA:126,14
DA:127,14
DA:128,14
DA:129,0
DA:130,0
DA:134,0
DA:137,14
DA:142,5
DA:143,3
DA:146,2
LF:76
LH:72
BRDA:33,0,0,4
BRDA:33,0,1,1
BRDA:38,1,0,1
BRDA:38,1,1,1
BRDA:53,2,0,3
BRDA:53,2,1,1
BRDA:58,3,0,1
BRDA:58,3,1,1
BRDA:75,4,0,0
BRDA:81,5,0,1
BRDA:81,5,1,4
BRDA:89,6,0,1
BRDA:103,7,0,1
BRDA:142,8,0,3
BRDA:142,9,0,5
BRDA:142,9,1,5
BRF:16
BRH:15
end_of_record
TN:
SF:src/auth/util/auth-util.ts
FN:10,(anonymous_7)
FN:18,(anonymous_8)
FN:52,(anonymous_10)
FN:59,(anonymous_11)
FN:59,(anonymous_12)
FN:94,(anonymous_13)
FN:98,(anonymous_15)
FN:102,(anonymous_17)
FNF:8
FNH:8
FNDA:14,(anonymous_7)
FNDA:8,(anonymous_8)
FNDA:2,(anonymous_10)
FNDA:2,(anonymous_11)
FNDA:2,(anonymous_12)
FNDA:1,(anonymous_13)
FNDA:2,(anonymous_15)
FNDA:5,(anonymous_17)
DA:1,53
DA:3,53
DA:4,53
DA:6,53
DA:7,53
DA:9,53
DA:11,14
DA:12,14
DA:13,14
DA:14,14
DA:19,8
DA:21,6
DA:22,2
DA:25,4
DA:26,0
DA:39,4
DA:50,4
DA:51,4
DA:53,2
DA:54,1
DA:57,1
DA:59,2
DA:60,2
DA:61,1
DA:63,1
DA:65,1
DA:67,1
DA:74,1
DA:77,1
DA:80,3
DA:81,2
DA:90,3
DA:95,1
DA:99,2
DA:103,5
DA:105,4
DA:106,2
DA:109,2
LF:38
LH:37
BRDA:21,0,0,2
BRDA:25,1,0,0
BRDA:25,1,1,4
BRDA:53,2,0,1
BRDA:53,3,0,2
BRDA:53,3,1,1
BRDA:60,4,0,1
BRDA:60,5,0,2
BRDA:60,5,1,1
BRDA:63,6,0,0
BRDA:63,6,1,1
BRDA:69,7,0,1
BRDA:69,7,1,0
BRDA:70,8,0,1
BRDA:70,8,1,0
BRDA:80,9,0,2
BRDA:105,10,0,2
BRF:17
BRH:13
end_of_record
TN:
SF:src/auth/util/native-apple-session-provider/impl/native-apple-session-provider.ts
FN:42,(anonymous_7)
FN:31,(anonymous_8)
FN:49,(anonymous_9)
FN:54,(anonymous_11)
FN:69,(anonymous_12)
FNF:5
FNH:5
FNDA:1,(anonymous_7)
FNDA:1,(anonymous_8)
FNDA:1,(anonymous_9)
FNDA:1,(anonymous_11)
FNDA:1,(anonymous_12)
DA:3,24
DA:4,24
DA:6,24
DA:7,24
DA:26,24
DA:28,24
DA:35,1
DA:36,1
DA:43,1
DA:45,1
DA:46,1
DA:50,1
DA:51,1
DA:55,1
DA:56,1
DA:67,1
DA:70,1
DA:71,1
DA:73,1
LF:19
LH:19
BRDA:37,0,0,1
BRDA:37,0,1,0
BRDA:55,1,0,1
BRDA:55,1,1,0
BRDA:70,2,0,1
BRF:5
BRH:3
end_of_record
TN:
SF:src/auth/util/native-custombrowser-session-provider/impl/native-custombrowser-session-provider.ts
FN:26,(anonymous_13)
FN:16,(anonymous_14)
FN:36,(anonymous_15)
FN:44,(anonymous_16)
FN:49,(anonymous_17)
FN:58,(anonymous_19)
FN:70,(anonymous_20)
FN:72,(anonymous_21)
FNF:8
FNH:8
FNDA:1,(anonymous_13)
FNDA:1,(anonymous_14)
FNDA:1,(anonymous_15)
FNDA:8,(anonymous_16)
FNDA:1,(anonymous_17)
FNDA:9,(anonymous_19)
FNDA:1,(anonymous_20)
FNDA:1,(anonymous_21)
DA:2,25
DA:3,25
DA:6,25
DA:8,25
DA:10,25
DA:11,25
DA:20,1
DA:21,1
DA:27,1
DA:28,1
DA:31,1
DA:32,1
DA:33,1
DA:37,1
DA:39,1
DA:40,1
DA:41,1
DA:42,1
DA:44,8
DA:46,1
DA:50,1
DA:51,1
DA:52,1
DA:56,1
DA:57,1
DA:58,1
DA:59,9
DA:60,1
DA:62,9
DA:64,1
DA:65,1
DA:71,1
DA:73,1
LF:33
LH:33
BRDA:33,0,0,1
BRDA:33,0,1,0
BRDA:22,1,0,0
BRDA:22,1,1,0
BRDA:59,2,0,1
BRF:5
BRH:2
end_of_record
TN:
SF:src/auth/util/native-google-session-provider/impl/native-google-session-provider.ts
FN:30,(anonymous_7)
FN:19,(anonymous_8)
FN:36,(anonymous_9)
FN:41,(anonymous_11)
FN:58,(anonymous_12)
FNF:5
FNH:5
FNDA:1,(anonymous_7)
FNDA:1,(anonymous_8)
FNDA:1,(anonymous_9)
FNDA:1,(anonymous_11)
FNDA:1,(anonymous_12)
DA:3,25
DA:4,25
DA:6,25
DA:7,25
DA:14,25
DA:16,25
DA:23,1
DA:24,1
DA:31,1
DA:33,1
DA:37,1
DA:38,1
DA:42,1
DA:43,1
DA:56,1
DA:59,1
DA:60,1
DA:62,1
LF:18
LH:18
BRDA:25,0,0,1
BRDA:25,0,1,0
BRDA:42,1,0,1
BRDA:42,1,1,0
BRDA:59,2,0,1
BRF:5
BRH:3
end_of_record
TN:
SF:src/auth/util/native-keycloak-session-provider/impl/native-keycloak-session-provider.ts
FN:30,(anonymous_7)
FN:19,(anonymous_8)
FN:37,(anonymous_9)
FN:41,(anonymous_11)
FN:57,(anonymous_12)
FNF:5
FNH:5
FNDA:1,(anonymous_7)
FNDA:1,(anonymous_8)
FNDA:2,(anonymous_9)
FNDA:2,(anonymous_11)
FNDA:2,(anonymous_12)
DA:3,25
DA:4,25
DA:5,25
DA:6,25
DA:14,25
DA:15,25
DA:23,1
DA:24,1
DA:31,1
DA:32,1
DA:34,1
DA:38,2
DA:42,2
DA:43,2
DA:55,2
DA:58,2
DA:59,1
DA:60,1
DA:66,1
LF:19
LH:19
BRDA:25,0,0,1
BRDA:25,0,1,0
BRDA:42,1,0,0
BRDA:42,1,1,2
BRDA:58,2,0,1
BRDA:58,2,1,1
BRDA:58,3,0,2
BRDA:58,3,1,2
BRF:8
BRH:6
end_of_record
TN:
SF:src/auth/util/webview-session-provider/errors/interrupt-error.ts
FN:4,(anonymous_0)
FNF:1
FNH:0
FNDA:0,(anonymous_0)
DA:1,24
DA:3,24
DA:5,0
DA:7,0
LF:4
LH:2
BRF:0
BRH:0
end_of_record
TN:
SF:src/auth/util/webview-session-provider/errors/no-inappbrowser-session-assertion-fail-error.ts
FN:4,(anonymous_0)
FNF:1
FNH:1
FNDA:1,(anonymous_0)
DA:1,25
DA:3,25
DA:5,1
DA:7,1
LF:4
LH:4
BRF:0
BRH:0
end_of_record
TN:
SF:src/auth/util/webview-session-provider/errors/param-not-captured-error.ts
FN:4,(anonymous_0)
FNF:1
FNH:1
FNDA:2,(anonymous_0)
DA:1,25
DA:3,25
DA:5,2
DA:7,2
LF:4
LH:4
BRF:0
BRH:0
end_of_record
TN:
SF:src/auth/util/webview-session-provider/errors/webview-runner-error.ts
FN:4,(anonymous_0)
FNF:1
FNH:1
FNDA:3,(anonymous_0)
DA:1,25
DA:3,25
DA:5,3
DA:7,3
LF:4
LH:4
BRF:0
BRH:0
end_of_record
TN:
SF:src/auth/util/webview-session-provider/impl/webview-auto-merge-session-provider.spec.data.ts
FNF:0
FNH:0
DA:3,1
LF:1
LH:1
BRF:0
BRH:0
end_of_record
TN:
SF:src/auth/util/webview-session-provider/impl/webview-auto-merge-session-provider.ts
FN:14,(anonymous_7)
FN:28,(anonymous_8)
FN:38,(anonymous_10)
FN:48,(anonymous_11)
FN:52,(anonymous_12)
FN:54,(anonymous_13)
FN:58,(anonymous_14)
FN:73,(anonymous_15)
FN:86,(anonymous_16)
FN:101,(anonymous_17)
FN:111,(anonymous_18)
FNF:11
FNH:4
FNDA:1,(anonymous_7)
FNDA:1,(anonymous_8)
FNDA:0,(anonymous_10)
FNDA:7,(anonymous_11)
FNDA:1,(anonymous_12)
FNDA:0,(anonymous_13)
FNDA:0,(anonymous_14)
FNDA:0,(anonymous_15)
FNDA:0,(anonymous_16)
FNDA:0,(anonymous_17)
FNDA:0,(anonymous_18)
DA:1,24
DA:4,24
DA:5,24
DA:6,24
DA:7,24
DA:8,24
DA:11,24
DA:15,1
DA:16,1
DA:17,1
DA:19,1
DA:25,1
DA:29,1
DA:31,1
DA:33,1
DA:38,1
DA:39,0
DA:45,1
DA:49,7
DA:50,7
DA:53,1
DA:55,0
DA:57,0
DA:59,0
DA:62,0
DA:65,0
DA:68,0
DA:71,0
DA:74,0
DA:77,0
DA:80,0
DA:87,0
DA:99,0
DA:102,0
DA:110,0
DA:112,0
DA:114,0
DA:122,0
LF:38
LH:20
BRDA:55,0,0,0
BRDA:55,0,1,0
BRDA:55,0,2,0
BRF:3
BRH:0
end_of_record
TN:
SF:src/auth/util/webview-session-provider/impl/webview-base-session-provider.ts
FN:20,(anonymous_13)
FN:9,(anonymous_14)
FN:29,(anonymous_15)
FN:37,(anonymous_16)
FN:42,(anonymous_17)
FN:47,(anonymous_18)
FN:49,(anonymous_19)
FN:51,(anonymous_20)
FN:56,(anonymous_21)
FN:61,(anonymous_22)
FN:63,(anonymous_23)
FN:65,(anonymous_24)
FN:70,(anonymous_25)
FN:75,(anonymous_26)
FN:77,(anonymous_27)
FN:79,(anonymous_28)
FN:80,(anonymous_29)
FN:88,(anonymous_30)
FN:90,(anonymous_31)
FN:97,(anonymous_32)
FN:117,(anonymous_33)
FN:130,(anonymous_34)
FN:135,(anonymous_35)
FN:148,(anonymous_36)
FN:162,(anonymous_37)
FN:167,(anonymous_38)
FNF:26
FNH:23
FNDA:15,(anonymous_13)
FNDA:2,(anonymous_14)
FNDA:2,(anonymous_15)
FNDA:2,(anonymous_16)
FNDA:3,(anonymous_17)
FNDA:2,(anonymous_18)
FNDA:2,(anonymous_19)
FNDA:2,(anonymous_20)
FNDA:3,(anonymous_21)
FNDA:2,(anonymous_22)
FNDA:2,(anonymous_23)
FNDA:2,(anonymous_24)
FNDA:3,(anonymous_25)
FNDA:2,(anonymous_26)
FNDA:2,(anonymous_27)
FNDA:2,(anonymous_28)
FNDA:2,(anonymous_29)
FNDA:0,(anonymous_30)
FNDA:0,(anonymous_31)
FNDA:2,(anonymous_32)
FNDA:2,(anonymous_33)
FNDA:1,(anonymous_34)
FNDA:2,(anonymous_35)
FNDA:2,(anonymous_36)
FNDA:1,(anonymous_37)
FNDA:0,(anonymous_38)
DA:1,24
DA:2,24
DA:6,24
DA:8,24
DA:13,2
DA:14,2
DA:21,15
DA:22,15
DA:23,15
DA:30,2
DA:32,2
DA:33,2
DA:34,2
DA:35,2
DA:37,2
DA:39,2
DA:43,3
DA:48,2
DA:50,2
DA:52,2
DA:57,3
DA:62,2
DA:64,2
DA:66,2
DA:71,3
DA:76,2
DA:78,2
DA:80,2
DA:81,2
DA:83,2
DA:89,0
DA:91,0
DA:98,2
DA:115,2
DA:118,2
DA:119,1
DA:121,1
DA:129,1
DA:131,1
DA:136,2
DA:137,2
DA:138,2
DA:139,2
DA:146,2
DA:149,2
DA:150,1
DA:152,1
DA:160,1
DA:163,1
DA:168,0
DA:169,0
DA:171,0
DA:177,0
DA:178,0
DA:181,0
LF:55
LH:47
BRDA:15,0,0,2
BRDA:15,0,1,0
BRDA:118,1,0,1
BRDA:118,2,0,2
BRDA:118,2,1,1
BRDA:137,3,0,0
BRDA:137,3,1,2
BRDA:149,4,0,1
BRDA:149,5,0,2
BRDA:149,5,1,1
BRDA:168,6,0,0
BRDA:168,6,1,0
BRDA:168,7,0,0
BRDA:168,7,1,0
BRDA:177,8,0,0
BRF:15
BRH:8
end_of_record
TN:
SF:src/auth/util/webview-session-provider/impl/webview-login-session-provider.spec.data.ts
FNF:0
FNH:0
DA:3,1
DA:137,1
DA:182,1
DA:265,1
DA:310,1
DA:355,1
DA:400,1
LF:7
LH:7
BRF:0
BRH:0
end_of_record
TN:
SF:src/auth/util/webview-session-provider/impl/webview-login-session-provider.ts
FN:18,(anonymous_7)
FN:34,(anonymous_8)
FN:49,(anonymous_10)
FN:58,(anonymous_11)
FN:62,(anonymous_12)
FN:64,(anonymous_13)
FN:86,(anonymous_14)
FN:87,(anonymous_15)
FN:88,(anonymous_16)
FN:90,(anonymous_17)
FN:100,(anonymous_18)
FN:102,(anonymous_19)
FN:105,(anonymous_20)
FN:130,(anonymous_21)
FN:131,(anonymous_22)
FN:134,(anonymous_23)
FN:135,(anonymous_24)
FN:136,(anonymous_25)
FNF:18
FNH:15
FNDA:13,(anonymous_7)
FNDA:14,(anonymous_8)
FNDA:6,(anonymous_10)
FNDA:95,(anonymous_11)
FNDA:13,(anonymous_12)
FNDA:15,(anonymous_13)
FNDA:2,(anonymous_14)
FNDA:2,(anonymous_15)
FNDA:1,(anonymous_16)
FNDA:1,(anonymous_17)
FNDA:0,(anonymous_18)
FNDA:0,(anonymous_19)
FNDA:0,(anonymous_20)
FNDA:1,(anonymous_21)
FNDA:1,(anonymous_22)
FNDA:1,(anonymous_23)
FNDA:1,(anonymous_24)
FNDA:1,(anonymous_25)
DA:1,24
DA:4,24
DA:5,24
DA:6,24
DA:7,24
DA:12,24
DA:19,13
DA:20,13
DA:21,13
DA:24,13
DA:30,13
DA:31,13
DA:35,14
DA:37,14
DA:38,14
DA:39,2
DA:41,14
DA:45,14
DA:46,1
DA:50,6
DA:51,6
DA:55,14
DA:59,95
DA:60,95
DA:63,13
DA:65,15
DA:66,3
DA:69,3
DA:70,0
DA:72,3
DA:74,3
DA:76,3
DA:78,3
DA:80,3
DA:82,3
DA:87,2
DA:88,2
DA:89,1
DA:91,1
DA:94,3
DA:96,1
DA:101,0
DA:103,0
DA:105,0
DA:106,0
DA:112,1
DA:114,2
DA:131,1
DA:132,1
DA:134,1
DA:135,1
DA:136,1
DA:139,2
DA:142,15
LF:54
LH:49
BRDA:31,0,0,13
BRDA:31,0,1,2
BRDA:38,1,0,2
BRDA:45,2,0,1
BRDA:45,3,0,14
BRDA:45,3,1,1
BRDA:65,4,0,3
BRDA:65,4,1,3
BRDA:65,4,2,3
BRDA:65,4,3,3
BRDA:65,4,4,1
BRDA:65,4,5,2
BRDA:69,5,0,0
BRDA:69,6,0,3
BRDA:69,6,1,0
BRF:15
BRH:13
end_of_record
TN:
SF:src/auth/util/webview-session-provider/impl/webview-manual-merge-session-provider.spec.data.ts
FNF:0
FNH:0
DA:3,1
LF:1
LH:1
BRF:0
BRH:0
end_of_record
TN:
SF:src/auth/util/webview-session-provider/impl/webview-manual-merge-session-provider.ts
FN:14,(anonymous_7)
FN:28,(anonymous_8)
FN:41,(anonymous_10)
FN:45,(anonymous_11)
FN:47,(anonymous_12)
FN:62,(anonymous_13)
FN:63,(anonymous_14)
FN:64,(anonymous_15)
FN:64,(anonymous_16)
FNF:9
FNH:4
FNDA:1,(anonymous_7)
FNDA:1,(anonymous_8)
FNDA:9,(anonymous_10)
FNDA:1,(anonymous_11)
FNDA:0,(anonymous_12)
FNDA:0,(anonymous_13)
FNDA:0,(anonymous_14)
FNDA:0,(anonymous_15)
FNDA:0,(anonymous_16)
DA:1,24
DA:4,24
DA:5,24
DA:7,24
DA:10,24
DA:15,1
DA:18,1
DA:24,1
DA:25,1
DA:29,1
DA:31,1
DA:33,1
DA:38,1
DA:42,9
DA:43,9
DA:46,1
DA:48,0
DA:49,0
DA:51,0
DA:53,0
DA:55,0
DA:57,0
DA:63,0
DA:64,0
DA:65,0
DA:69,0
DA:72,0
LF:27
LH:16
BRDA:25,0,0,1
BRDA:25,0,1,0
BRDA:48,1,0,0
BRDA:48,1,1,0
BRDA:48,1,2,0
BRF:5
BRH:1
end_of_record
TN:
SF:src/auth/util/webview-session-provider/impl/webview-runner-impl.ts
FN:8,(anonymous_13)
FN:19,(anonymous_14)
FN:23,(anonymous_15)
FN:30,(anonymous_16)
FN:39,(anonymous_17)
FN:52,(anonymous_19)
FN:61,(anonymous_20)
FN:69,(anonymous_22)
FN:77,(anonymous_23)
FN:86,(anonymous_24)
FN:89,(anonymous_25)
FN:90,(anonymous_26)
FN:92,(anonymous_27)
FN:98,(anonymous_28)
FN:101,(anonymous_29)
FN:102,(anonymous_30)
FN:108,(anonymous_31)
FN:115,(anonymous_32)
FN:120,(anonymous_33)
FN:121,(anonymous_34)
FN:122,(anonymous_35)
FN:122,(anonymous_36)
FN:122,(anonymous_37)
FN:134,(anonymous_38)
FN:135,(anonymous_39)
FN:146,(anonymous_40)
FN:153,(anonymous_41)
FN:153,(anonymous_42)
FN:154,(anonymous_43)
FN:175,(anonymous_44)
FN:183,(anonymous_46)
FN:187,(anonymous_48)
FN:199,(anonymous_50)
FN:203,(anonymous_52)
FN:207,(anonymous_54)
FNF:35
FNH:33
FNDA:3,(anonymous_13)
FNDA:15,(anonymous_14)
FNDA:1,(anonymous_15)
FNDA:1,(anonymous_16)
FNDA:9,(anonymous_17)
FNDA:1,(anonymous_19)
FNDA:2,(anonymous_20)
FNDA:3,(anonymous_22)
FNDA:1,(anonymous_23)
FNDA:4,(anonymous_24)
FNDA:4,(anonymous_25)
FNDA:2,(anonymous_26)
FNDA:1,(anonymous_27)
FNDA:0,(anonymous_28)
FNDA:1,(anonymous_29)
FNDA:1,(anonymous_30)
FNDA:0,(anonymous_31)
FNDA:2,(anonymous_32)
FNDA:1,(anonymous_33)
FNDA:1,(anonymous_34)
FNDA:1,(anonymous_35)
FNDA:1,(anonymous_36)
FNDA:1,(anonymous_37)
FNDA:2,(anonymous_38)
FNDA:1,(anonymous_39)
FNDA:1,(anonymous_40)
FNDA:1,(anonymous_41)
FNDA:1,(anonymous_42)
FNDA:1,(anonymous_43)
FNDA:3,(anonymous_44)
FNDA:1,(anonymous_46)
FNDA:2,(anonymous_48)
FNDA:1,(anonymous_50)
FNDA:1,(anonymous_52)
FNDA:1,(anonymous_54)
DA:2,25
DA:3,25
DA:4,25
DA:5,25
DA:6,25
DA:8,25
DA:9,3
DA:10,3
DA:20,15
DA:24,1
DA:25,0
DA:28,1
DA:29,2
DA:30,2
DA:31,1
DA:34,2
DA:40,9
DA:52,9
DA:53,1
DA:54,1
DA:57,9
DA:58,9
DA:62,2
DA:63,1
DA:66,1
DA:70,3
DA:78,1
DA:87,4
DA:89,4
DA:90,4
DA:92,2
DA:93,1
DA:97,1
DA:99,0
DA:102,1
DA:103,1
DA:107,1
DA:109,0
DA:116,2
DA:117,0
DA:120,2
DA:121,2
DA:122,2
DA:123,1
DA:124,0
DA:126,1
DA:127,0
DA:130,1
DA:134,2
DA:135,2
DA:136,1
DA:137,1
DA:139,1
DA:144,1
DA:147,1
DA:148,1
DA:152,1
DA:153,1
DA:154,1
DA:155,1
DA:158,1
DA:159,1
DA:160,1
DA:163,1
DA:168,2
DA:169,2
DA:170,2
DA:176,3
DA:177,2
DA:180,1
DA:184,1
DA:188,2
DA:189,0
DA:192,2
DA:200,1
DA:204,1
DA:208,1
LF:77
LH:70
BRDA:24,0,0,0
BRDA:29,1,0,2
BRDA:62,2,0,1
BRDA:116,3,0,0
BRDA:123,4,0,0
BRDA:123,4,1,1
BRDA:126,5,0,0
BRDA:127,6,0,0
BRDA:127,6,1,0
BRDA:136,7,0,1
BRDA:139,8,0,1
BRDA:140,9,0,1
BRDA:140,9,1,1
BRDA:140,9,2,1
BRDA:158,10,0,1
BRDA:168,11,0,2
BRDA:176,12,0,2
BRDA:188,13,0,0
BRF:18
BRH:11
end_of_record
TN:
SF:src/auth/util/webview-session-provider/impl/webview-state-session-provider.ts
FN:21,(anonymous_7)
FN:35,(anonymous_8)
FN:47,(anonymous_10)
FN:51,(anonymous_11)
FN:53,(anonymous_12)
FN:65,(anonymous_13)
FN:66,(anonymous_14)
FN:67,(anonymous_15)
FN:69,(anonymous_16)
FN:80,(anonymous_17)
FN:82,(anonymous_18)
FN:85,(anonymous_19)
FNF:12
FNH:0
FNDA:0,(anonymous_7)
FNDA:0,(anonymous_8)
FNDA:0,(anonymous_10)
FNDA:0,(anonymous_11)
FNDA:0,(anonymous_12)
FNDA:0,(anonymous_13)
FNDA:0,(anonymous_14)
FNDA:0,(anonymous_15)
FNDA:0,(anonymous_16)
FNDA:0,(anonymous_17)
FNDA:0,(anonymous_18)
FNDA:0,(anonymous_19)
DA:1,24
DA:5,24
DA:6,24
DA:8,24
DA:9,24
DA:16,24
DA:22,0
DA:23,0
DA:26,0
DA:31,0
DA:32,0
DA:36,0
DA:37,0
DA:39,0
DA:44,0
DA:48,0
DA:49,0
DA:52,0
DA:54,0
DA:56,0
DA:59,0
DA:61,0
DA:66,0
DA:67,0
DA:68,0
DA:70,0
DA:74,0
DA:76,0
DA:81,0
DA:83,0
DA:85,0
DA:86,0
DA:92,0
DA:94,0
LF:34
LH:6
BRDA:32,0,0,0
BRDA:32,0,1,0
BRDA:54,1,0,0
BRDA:54,1,1,0
BRDA:54,1,2,0
BRF:5
BRH:0
end_of_record
TN:
SF:src/certificate/index.ts
FNF:0
FNH:0
DA:1,53
DA:2,53
DA:3,53
LF:3
LH:3
BRF:0
BRH:0
end_of_record
TN:
SF:src/certificate/db/schema.ts
FN:3,(anonymous_0)
FN:21,(anonymous_1)
FN:32,(anonymous_2)
FNF:3
FNH:2
FNDA:55,(anonymous_0)
FNDA:1,(anonymous_1)
FNDA:0,(anonymous_2)
DA:1,55
DA:3,55
DA:4,55
DA:5,55
DA:6,55
DA:7,55
DA:8,55
DA:9,55
DA:10,55
DA:21,55
DA:22,1
DA:32,55
DA:33,0
LF:13
LH:12
BRDA:3,0,0,55
BRDA:3,0,1,55
BRF:2
BRH:2
end_of_record
TN:
SF:src/certificate/handlers/get-public-key-handler.ts
FN:14,(anonymous_0)
FN:22,(anonymous_1)
FN:26,(anonymous_2)
FN:32,(anonymous_3)
FN:36,(anonymous_4)
FN:50,(anonymous_5)
FN:60,(anonymous_6)
FN:77,(anonymous_7)
FN:92,(anonymous_8)
FNF:9
FNH:9
FNDA:1,(anonymous_0)
FNDA:2,(anonymous_1)
FNDA:3,(anonymous_2)
FNDA:3,(anonymous_3)
FNDA:1,(anonymous_4)
FNDA:1,(anonymous_5)
FNDA:1,(anonymous_6)
FNDA:1,(anonymous_7)
FNDA:2,(anonymous_8)
DA:2,54
DA:3,54
DA:4,54
DA:9,54
DA:12,54
DA:15,1
DA:16,1
DA:17,1
DA:18,1
DA:23,2
DA:27,3
DA:33,3
DA:34,2
DA:35,1
DA:37,1
DA:41,1
DA:49,1
DA:51,1
DA:61,1
DA:78,1
DA:93,2
LF:21
LH:21
BRDA:33,0,0,2
BRDA:33,0,1,1
BRDA:33,1,0,3
BRDA:33,1,1,3
BRDA:34,2,0,1
BRDA:34,2,1,1
BRDA:45,3,0,0
BRDA:45,3,1,1
BRDA:69,4,0,0
BRDA:69,4,1,1
BRDA:69,5,0,1
BRDA:69,5,1,0
BRDA:84,6,0,0
BRDA:84,6,1,1
BRDA:84,7,0,1
BRDA:84,7,1,0
BRF:16
BRH:11
end_of_record
TN:
SF:src/certificate/impl/certificate-service-impl.ts
FN:23,(anonymous_11)
FN:31,(anonymous_12)
FN:35,(anonymous_13)
FN:39,(anonymous_14)
FN:46,(anonymous_15)
FN:46,(anonymous_16)
FN:52,(anonymous_17)
FN:53,(anonymous_18)
FN:54,(anonymous_19)
FN:54,(anonymous_20)
FN:65,(anonymous_21)
FN:66,(anonymous_22)
FN:66,(anonymous_23)
FN:72,(anonymous_24)
FN:80,(anonymous_25)
FN:81,(anonymous_26)
FN:81,(anonymous_27)
FN:89,(anonymous_28)
FN:94,(anonymous_29)
FN:102,(anonymous_30)
FN:117,(anonymous_31)
FN:118,(anonymous_32)
FN:128,(anonymous_33)
FN:131,(anonymous_34)
FN:132,(anonymous_35)
FN:133,(anonymous_36)
FN:142,(anonymous_37)
FN:146,(anonymous_38)
FN:150,(anonymous_39)
FN:151,(anonymous_40)
FN:151,(anonymous_41)
FN:161,(anonymous_42)
FN:165,(anonymous_43)
FN:169,(anonymous_44)
FN:173,(anonymous_45)
FN:179,(anonymous_47)
FNF:36
FNH:36
FNDA:1,(anonymous_11)
FNDA:1,(anonymous_12)
FNDA:1,(anonymous_13)
FNDA:2,(anonymous_14)
FNDA:1,(anonymous_15)
FNDA:1,(anonymous_16)
FNDA:1,(anonymous_17)
FNDA:1,(anonymous_18)
FNDA:1,(anonymous_19)
FNDA:1,(anonymous_20)
FNDA:1,(anonymous_21)
FNDA:1,(anonymous_22)
FNDA:1,(anonymous_23)
FNDA:1,(anonymous_24)
FNDA:1,(anonymous_25)
FNDA:1,(anonymous_26)
FNDA:1,(anonymous_27)
FNDA:1,(anonymous_28)
FNDA:1,(anonymous_29)
FNDA:1,(anonymous_30)
FNDA:1,(anonymous_31)
FNDA:1,(anonymous_32)
FNDA:1,(anonymous_33)
FNDA:1,(anonymous_34)
FNDA:1,(anonymous_35)
FNDA:1,(anonymous_36)
FNDA:1,(anonymous_37)
FNDA:1,(anonymous_38)
FNDA:2,(anonymous_39)
FNDA:2,(anonymous_40)
FNDA:2,(anonymous_41)
FNDA:1,(anonymous_42)
FNDA:1,(anonymous_43)
FNDA:6,(anonymous_44)
FNDA:4,(anonymous_45)
FNDA:3,(anonymous_47)
DA:1,53
DA:3,53
DA:4,53
DA:5,53
DA:6,53
DA:7,53
DA:15,53
DA:16,53
DA:21,53
DA:23,1
DA:24,1
DA:25,1
DA:26,1
DA:27,1
DA:28,1
DA:32,1
DA:36,1
DA:40,2
DA:46,1
DA:47,1
DA:52,1
DA:54,1
DA:55,1
DA:56,0
DA:57,0
DA:59,0
DA:66,1
DA:67,1
DA:73,1
DA:81,1
DA:82,1
DA:83,1
DA:85,1
DA:86,1
DA:87,1
DA:91,1
DA:95,1
DA:103,1
DA:117,1
DA:118,1
DA:119,1
DA:120,0
DA:123,1
DA:124,1
DA:129,1
DA:132,1
DA:133,1
DA:134,1
DA:135,0
DA:138,1
DA:142,1
DA:146,1
DA:151,2
DA:152,2
DA:153,2
DA:155,2
DA:156,2
DA:162,1
DA:166,1
DA:170,6
DA:174,4
DA:175,4
DA:176,4
DA:180,3
DA:183,2
LF:65
LH:60
BRDA:56,0,0,0
BRDA:83,1,0,1
BRDA:83,1,1,0
BRDA:85,2,0,0
BRDA:85,2,1,1
BRDA:119,3,0,0
BRDA:134,4,0,0
BRDA:134,5,0,1
BRDA:134,5,1,1
BRDA:135,6,0,0
BRDA:135,6,1,0
BRDA:175,7,0,4
BRDA:175,7,1,0
BRDA:183,8,0,2
BRDA:183,8,1,0
BRF:15
BRH:6
end_of_record
TN:
SF:src/content/index.ts
FNF:0
FNH:0
DA:1,94
DA:2,94
DA:3,94
DA:4,94
DA:5,94
DA:6,94
DA:7,94
DA:8,94
DA:9,94
LF:9
LH:9
BRF:0
BRH:0
end_of_record
TN:
SF:src/content/db/schema.ts
FN:4,(anonymous_0)
FN:58,(anonymous_1)
FN:86,(anonymous_2)
FN:90,(anonymous_3)
FN:94,(anonymous_4)
FN:99,(anonymous_5)
FN:103,(anonymous_6)
FN:107,(anonymous_7)
FN:111,(anonymous_8)
FN:115,(anonymous_9)
FN:119,(anonymous_10)
FN:124,(anonymous_11)
FN:145,(anonymous_12)
FN:157,(anonymous_13)
FN:161,(anonymous_14)
FN:166,(anonymous_15)
FN:184,(anonymous_16)
FN:195,(anonymous_17)
FN:201,(anonymous_18)
FN:223,(anonymous_19)
FN:236,(anonymous_20)
FN:240,(anonymous_21)
FNF:22
FNH:15
FNDA:119,(anonymous_0)
FNDA:1,(anonymous_1)
FNDA:0,(anonymous_2)
FNDA:0,(anonymous_3)
FNDA:0,(anonymous_4)
FNDA:3,(anonymous_5)
FNDA:3,(anonymous_6)
FNDA:3,(anonymous_7)
FNDA:6,(anonymous_8)
FNDA:6,(anonymous_9)
FNDA:3,(anonymous_10)
FNDA:119,(anonymous_11)
FNDA:1,(anonymous_12)
FNDA:0,(anonymous_13)
FNDA:0,(anonymous_14)
FNDA:119,(anonymous_15)
FNDA:1,(anonymous_16)
FNDA:0,(anonymous_17)
FNDA:119,(anonymous_18)
FNDA:3,(anonymous_19)
FNDA:0,(anonymous_20)
FNDA:3,(anonymous_21)
DA:1,119
DA:4,119
DA:5,119
DA:6,119
DA:7,119
DA:8,119
DA:9,119
DA:10,119
DA:11,119
DA:12,119
DA:13,119
DA:14,119
DA:15,119
DA:16,119
DA:17,119
DA:18,119
DA:20,119
DA:22,119
DA:23,119
DA:24,119
DA:25,119
DA:26,119
DA:27,119
DA:28,119
DA:29,119
DA:30,119
DA:31,119
DA:58,119
DA:59,1
DA:86,119
DA:87,0
DA:90,119
DA:91,0
DA:94,119
DA:95,0
DA:99,119
DA:100,3
DA:103,119
DA:104,3
DA:107,119
DA:108,3
DA:111,119
DA:112,6
DA:115,119
DA:116,6
DA:119,119
DA:120,3
DA:124,119
DA:126,119
DA:127,119
DA:128,119
DA:129,119
DA:130,119
DA:131,119
DA:132,119
DA:133,119
DA:134,119
DA:145,119
DA:146,1
DA:157,119
DA:158,0
DA:161,119
DA:162,0
DA:166,119
DA:168,119
DA:169,119
DA:170,119
DA:171,119
DA:172,119
DA:173,119
DA:174,119
DA:184,119
DA:185,1
DA:195,119
DA:196,0
DA:201,119
DA:203,119
DA:204,119
DA:205,119
DA:206,119
DA:207,119
DA:208,119
DA:209,119
DA:210,119
DA:211,119
DA:223,119
DA:224,3
DA:236,119
DA:237,0
DA:240,119
DA:241,3
LF:91
LH:84
BRDA:4,0,0,119
BRDA:4,0,1,119
BRDA:124,1,0,119
BRDA:124,1,1,119
BRDA:166,2,0,119
BRDA:166,2,1,119
BRDA:201,3,0,119
BRDA:201,3,1,119
BRF:8
BRH:8
end_of_record
TN:
SF:src/content/def/content-event.ts
FN:32,(anonymous_0)
FNF:1
FNH:1
FNDA:94,(anonymous_0)
DA:32,94
DA:33,94
DA:34,94
DA:35,94
DA:36,94
DA:37,94
DA:38,94
LF:7
LH:7
BRDA:32,0,0,94
BRDA:32,0,1,94
BRF:2
BRH:2
end_of_record
TN:
SF:src/content/def/content.ts
FN:7,(anonymous_0)
FNF:1
FNH:0
FNDA:0,(anonymous_0)
DA:6,114
DA:7,114
LF:2
LH:2
BRF:0
BRH:0
end_of_record
TN:
SF:src/content/def/requests.ts
FN:59,(anonymous_0)
FN:119,(anonymous_1)
FNF:2
FNH:2
FNDA:94,(anonymous_0)
FNDA:94,(anonymous_1)
DA:59,94
DA:60,94
DA:61,94
DA:119,94
DA:120,94
DA:121,94
DA:122,94
LF:7
LH:7
BRDA:59,0,0,94
BRDA:59,0,1,94
BRDA:119,1,0,94
BRDA:119,1,1,94
BRF:4
BRH:4
end_of_record
TN:
SF:src/content/def/response.ts
FN:71,(anonymous_0)
FNF:1
FNH:1
FNDA:94,(anonymous_0)
DA:71,94
DA:72,94
DA:73,94
LF:3
LH:3
BRDA:71,0,0,94
BRDA:71,0,1,94
BRF:2
BRH:2
end_of_record
TN:
SF:src/content/handlers/content-aggregator.ts
FN:183,(anonymous_13)
FN:177,(anonymous_14)
FN:195,(anonymous_15)
FN:202,(anonymous_16)
FN:202,(anonymous_17)
FN:212,(anonymous_18)
FN:219,(anonymous_19)
FN:221,(anonymous_20)
FN:221,(anonymous_21)
FN:246,(anonymous_22)
FN:248,(anonymous_23)
FN:248,(anonymous_24)
FN:258,(anonymous_25)
FN:259,(anonymous_26)
FN:261,(anonymous_27)
FN:264,(anonymous_28)
FN:268,(anonymous_29)
FN:274,(anonymous_30)
FN:280,(anonymous_31)
FN:285,(anonymous_32)
FN:300,(anonymous_34)
FN:300,(anonymous_35)
FN:303,(anonymous_36)
FN:313,(anonymous_37)
FN:331,(anonymous_38)
FN:336,(anonymous_40)
FN:336,(anonymous_41)
FN:337,(anonymous_42)
FN:342,(anonymous_43)
FN:354,(anonymous_44)
FN:361,(anonymous_46)
FN:361,(anonymous_47)
FN:362,(anonymous_48)
FN:367,(anonymous_49)
FN:381,(anonymous_50)
FN:388,(anonymous_51)
FN:388,(anonymous_52)
FN:390,(anonymous_53)
FN:393,(anonymous_54)
FN:394,(anonymous_55)
FN:396,(anonymous_56)
FN:398,(anonymous_57)
FN:399,(anonymous_58)
FN:400,(anonymous_59)
FN:401,(anonymous_60)
FN:404,(anonymous_61)
FN:404,(anonymous_62)
FN:410,(anonymous_63)
FN:411,(anonymous_64)
FN:417,(anonymous_65)
FN:422,(anonymous_66)
FN:424,(anonymous_67)
FN:440,(anonymous_68)
FN:505,(anonymous_69)
FN:516,(anonymous_71)
FN:516,(anonymous_72)
FN:521,(anonymous_73)
FN:528,(anonymous_74)
FN:536,(anonymous_75)
FN:583,(anonymous_76)
FN:591,(anonymous_78)
FN:591,(anonymous_79)
FN:592,(anonymous_80)
FN:592,(anonymous_81)
FN:607,(anonymous_82)
FN:607,(anonymous_83)
FN:620,(anonymous_84)
FN:622,(anonymous_85)
FN:624,(anonymous_86)
FN:628,(anonymous_87)
FN:630,(anonymous_88)
FN:657,(anonymous_89)
FN:670,(anonymous_90)
FN:690,(anonymous_91)
FN:692,(anonymous_92)
FN:693,(anonymous_93)
FN:725,(anonymous_94)
FN:731,(anonymous_95)
FN:732,(anonymous_96)
FN:743,(anonymous_97)
FN:746,(anonymous_98)
FN:747,(anonymous_99)
FN:755,(anonymous_100)
FN:756,(anonymous_101)
FN:760,(anonymous_102)
FN:764,(anonymous_103)
FN:772,(anonymous_104)
FN:790,(anonymous_105)
FN:798,(anonymous_106)
FN:800,(anonymous_107)
FN:824,(anonymous_108)
FN:832,(anonymous_109)
FN:835,(anonymous_110)
FN:841,(anonymous_111)
FNF:94
FNH:0
FNDA:0,(anonymous_13)
FNDA:0,(anonymous_14)
FNDA:0,(anonymous_15)
FNDA:0,(anonymous_16)
FNDA:0,(anonymous_17)
FNDA:0,(anonymous_18)
FNDA:0,(anonymous_19)
FNDA:0,(anonymous_20)
FNDA:0,(anonymous_21)
FNDA:0,(anonymous_22)
FNDA:0,(anonymous_23)
FNDA:0,(anonymous_24)
FNDA:0,(anonymous_25)
FNDA:0,(anonymous_26)
FNDA:0,(anonymous_27)
FNDA:0,(anonymous_28)
FNDA:0,(anonymous_29)
FNDA:0,(anonymous_30)
FNDA:0,(anonymous_31)
FNDA:0,(anonymous_32)
FNDA:0,(anonymous_34)
FNDA:0,(anonymous_35)
FNDA:0,(anonymous_36)
FNDA:0,(anonymous_37)
FNDA:0,(anonymous_38)
FNDA:0,(anonymous_40)
FNDA:0,(anonymous_41)
FNDA:0,(anonymous_42)
FNDA:0,(anonymous_43)
FNDA:0,(anonymous_44)
FNDA:0,(anonymous_46)
FNDA:0,(anonymous_47)
FNDA:0,(anonymous_48)
FNDA:0,(anonymous_49)
FNDA:0,(anonymous_50)
FNDA:0,(anonymous_51)
FNDA:0,(anonymous_52)
FNDA:0,(anonymous_53)
FNDA:0,(anonymous_54)
FNDA:0,(anonymous_55)
FNDA:0,(anonymous_56)
FNDA:0,(anonymous_57)
FNDA:0,(anonymous_58)
FNDA:0,(anonymous_59)
FNDA:0,(anonymous_60)
FNDA:0,(anonymous_61)
FNDA:0,(anonymous_62)
FNDA:0,(anonymous_63)
FNDA:0,(anonymous_64)
FNDA:0,(anonymous_65)
FNDA:0,(anonymous_66)
FNDA:0,(anonymous_67)
FNDA:0,(anonymous_68)
FNDA:0,(anonymous_69)
FNDA:0,(anonymous_71)
FNDA:0,(anonymous_72)
FNDA:0,(anonymous_73)
FNDA:0,(anonymous_74)
FNDA:0,(anonymous_75)
FNDA:0,(anonymous_76)
FNDA:0,(anonymous_78)
FNDA:0,(anonymous_79)
FNDA:0,(anonymous_80)
FNDA:0,(anonymous_81)
FNDA:0,(anonymous_82)
FNDA:0,(anonymous_83)
FNDA:0,(anonymous_84)
FNDA:0,(anonymous_85)
FNDA:0,(anonymous_86)
FNDA:0,(anonymous_87)
FNDA:0,(anonymous_88)
FNDA:0,(anonymous_89)
FNDA:0,(anonymous_90)
FNDA:0,(anonymous_91)
FNDA:0,(anonymous_92)
FNDA:0,(anonymous_93)
FNDA:0,(anonymous_94)
FNDA:0,(anonymous_95)
FNDA:0,(anonymous_96)
FNDA:0,(anonymous_97)
FNDA:0,(anonymous_98)
FNDA:0,(anonymous_99)
FNDA:0,(anonymous_100)
FNDA:0,(anonymous_101)
FNDA:0,(anonymous_102)
FNDA:0,(anonymous_103)
FNDA:0,(anonymous_104)
FNDA:0,(anonymous_105)
FNDA:0,(anonymous_106)
FNDA:0,(anonymous_107)
FNDA:0,(anonymous_108)
FNDA:0,(anonymous_109)
FNDA:0,(anonymous_110)
FNDA:0,(anonymous_111)
DA:13,54
DA:14,54
DA:23,54
DA:29,54
DA:32,54
DA:33,54
DA:34,54
DA:35,54
DA:173,54
DA:174,54
DA:175,54
DA:178,0
DA:184,0
DA:185,0
DA:186,0
DA:187,0
DA:188,0
DA:189,0
DA:190,0
DA:191,0
DA:202,0
DA:203,0
DA:204,0
DA:207,0
DA:208,0
DA:209,0
DA:210,0
DA:212,0
DA:213,0
DA:214,0
DA:215,0
DA:218,0
DA:219,0
DA:221,0
DA:222,0
DA:223,0
DA:226,0
DA:228,0
DA:230,0
DA:232,0
DA:234,0
DA:236,0
DA:238,0
DA:239,0
DA:244,0
DA:246,0
DA:248,0
DA:249,0
DA:253,0
DA:254,0
DA:257,0
DA:258,0
DA:260,0
DA:262,0
DA:264,0
DA:268,0
DA:269,0
DA:270,0
DA:274,0
DA:278,0
DA:280,0
DA:289,0
DA:291,0
DA:298,0
DA:300,0
DA:301,0
DA:303,0
DA:304,0
DA:314,0
DA:315,0
DA:334,0
DA:336,0
DA:337,0
DA:338,0
DA:342,0
DA:358,0
DA:359,0
DA:361,0
DA:362,0
DA:363,0
DA:367,0
DA:379,0
DA:381,0
DA:382,0
DA:383,0
DA:384,0
DA:386,0
DA:388,0
DA:389,0
DA:390,0
DA:391,0
DA:392,0
DA:393,0
DA:394,0
DA:395,0
DA:396,0
DA:397,0
DA:398,0
DA:399,0
DA:400,0
DA:401,0
DA:402,0
DA:403,0
DA:404,0
DA:405,0
DA:410,0
DA:411,0
DA:412,0
DA:415,0
DA:416,0
DA:417,0
DA:418,0
DA:423,0
DA:424,0
DA:426,0
DA:441,0
DA:442,0
DA:443,0
DA:455,0
DA:457,0
DA:466,0
DA:468,0
DA:477,0
DA:480,0
DA:489,0
DA:509,0
DA:510,0
DA:512,0
DA:516,0
DA:517,0
DA:522,0
DA:523,0
DA:525,0
DA:526,0
DA:530,0
DA:536,0
DA:537,0
DA:538,0
DA:558,0
DA:559,0
DA:587,0
DA:589,0
DA:591,0
DA:592,0
DA:593,0
DA:595,0
DA:597,0
DA:607,0
DA:608,0
DA:609,0
DA:611,0
DA:616,0
DA:618,0
DA:621,0
DA:622,0
DA:624,0
DA:625,0
DA:626,0
DA:628,0
DA:630,0
DA:631,0
DA:632,0
DA:656,0
DA:657,0
DA:658,0
DA:669,0
DA:670,0
DA:671,0
DA:676,0
DA:677,0
DA:679,0
DA:681,0
DA:683,0
DA:685,0
DA:688,0
DA:689,0
DA:690,0
DA:691,0
DA:692,0
DA:693,0
DA:694,0
DA:695,0
DA:697,0
DA:702,0
DA:704,0
DA:731,0
DA:732,0
DA:739,0
DA:746,0
DA:747,0
DA:751,0
DA:756,0
DA:757,0
DA:760,0
DA:761,0
DA:764,0
DA:765,0
DA:766,0
DA:768,0
DA:772,0
DA:773,0
DA:774,0
DA:778,0
DA:784,0
DA:793,0
DA:794,0
DA:799,0
DA:800,0
DA:801,0
DA:802,0
DA:804,0
DA:806,0
DA:808,0
DA:809,0
DA:816,0
DA:820,0
DA:822,0
DA:823,0
DA:825,0
DA:830,0
DA:831,0
DA:833,0
DA:836,0
DA:842,0
DA:844,0
LF:225
LH:11
BRDA:200,0,0,0
BRDA:203,1,0,0
BRDA:203,2,0,0
BRDA:203,2,1,0
BRDA:208,3,0,0
BRDA:208,3,1,0
BRDA:213,4,0,0
BRDA:222,5,0,0
BRDA:226,6,0,0
BRDA:226,6,1,0
BRDA:226,6,2,0
BRDA:226,6,3,0
BRDA:226,6,4,0
BRDA:226,6,5,0
BRDA:253,7,0,0
BRDA:253,8,0,0
BRDA:253,8,1,0
BRDA:269,9,0,0
BRDA:292,10,0,0
BRDA:292,10,1,0
BRDA:358,11,0,0
BRDA:391,12,0,0
BRDA:391,12,1,0
BRDA:395,13,0,0
BRDA:402,14,0,0
BRDA:412,15,0,0
BRDA:412,15,1,0
BRDA:415,16,0,0
BRDA:415,16,1,0
BRDA:416,17,0,0
BRDA:416,17,1,0
BRDA:416,17,2,0
BRDA:423,18,0,0
BRDA:423,18,1,0
BRDA:427,19,0,0
BRDA:427,19,1,0
BRDA:427,20,0,0
BRDA:427,20,1,0
BRDA:431,21,0,0
BRDA:431,21,1,0
BRDA:431,22,0,0
BRDA:431,22,1,0
BRDA:441,23,0,0
BRDA:443,24,0,0
BRDA:444,25,0,0
BRDA:444,25,1,0
BRDA:444,25,2,0
BRDA:444,25,3,0
BRDA:444,25,4,0
BRDA:444,25,5,0
BRDA:457,26,0,0
BRDA:458,27,0,0
BRDA:458,27,1,0
BRDA:458,27,2,0
BRDA:468,28,0,0
BRDA:469,29,0,0
BRDA:469,29,1,0
BRDA:469,29,2,0
BRDA:514,30,0,0
BRDA:514,30,1,0
BRDA:518,31,0,0
BRDA:518,31,1,0
BRDA:522,32,0,0
BRDA:537,33,0,0
BRDA:537,33,1,0
BRDA:537,34,0,0
BRDA:537,34,1,0
BRDA:565,35,0,0
BRDA:565,35,1,0
BRDA:566,36,0,0
BRDA:566,36,1,0
BRDA:567,37,0,0
BRDA:567,37,1,0
BRDA:568,38,0,0
BRDA:568,38,1,0
BRDA:593,39,0,0
BRDA:593,40,0,0
BRDA:593,40,1,0
BRDA:593,40,2,0
BRDA:593,40,3,0
BRDA:599,41,0,0
BRDA:599,41,1,0
BRDA:599,41,2,0
BRDA:599,41,3,0
BRDA:599,41,4,0
BRDA:599,41,5,0
BRDA:608,42,0,0
BRDA:608,43,0,0
BRDA:608,43,1,0
BRDA:619,44,0,0
BRDA:619,44,1,0
BRDA:628,45,0,0
BRDA:628,45,1,0
BRDA:631,46,0,0
BRDA:631,46,1,0
BRDA:631,47,0,0
BRDA:631,47,1,0
BRDA:661,48,0,0
BRDA:661,48,1,0
BRDA:662,49,0,0
BRDA:662,49,1,0
BRDA:663,50,0,0
BRDA:663,50,1,0
BRDA:664,51,0,0
BRDA:664,51,1,0
BRDA:665,52,0,0
BRDA:665,52,1,0
BRDA:669,53,0,0
BRDA:669,54,0,0
BRDA:669,54,1,0
BRDA:671,55,0,0
BRDA:672,56,0,0
BRDA:672,56,1,0
BRDA:677,57,0,0
BRDA:681,58,0,0
BRDA:688,59,0,0
BRDA:689,60,0,0
BRDA:689,60,1,0
BRDA:691,61,0,0
BRDA:691,61,1,0
BRDA:694,62,0,0
BRDA:765,63,0,0
BRDA:765,63,1,0
BRDA:765,64,0,0
BRDA:765,64,1,0
BRDA:773,65,0,0
BRDA:773,65,1,0
BRDA:799,66,0,0
BRDA:799,67,0,0
BRDA:799,67,1,0
BRDA:799,67,2,0
BRDA:801,68,0,0
BRDA:808,69,0,0
BRDA:808,69,1,0
BRDA:808,70,0,0
BRDA:808,70,1,0
BRDA:808,70,2,0
BRDA:822,71,0,0
BRF:138
BRH:0
end_of_record
TN:
SF:src/content/handlers/content-feedback-handler.ts
FN:7,(anonymous_0)
FNF:1
FNH:0
FNDA:0,(anonymous_0)
DA:4,54
DA:6,54
DA:8,0
LF:3
LH:2
BRF:0
BRH:0
end_of_record
TN:
SF:src/content/handlers/content-marker-handler.ts
FN:9,(anonymous_0)
FN:12,(anonymous_1)
FN:17,(anonymous_2)
FN:23,(anonymous_3)
FN:24,(anonymous_4)
FNF:5
FNH:5
FNDA:2,(anonymous_0)
FNDA:2,(anonymous_1)
FNDA:2,(anonymous_2)
FNDA:3,(anonymous_3)
FNDA:1,(anonymous_4)
DA:4,56
DA:5,56
DA:6,56
DA:8,56
DA:9,2
DA:13,2
DA:16,2
DA:18,2
DA:24,3
DA:25,1
LF:10
LH:10
BRDA:28,0,0,1
BRDA:28,0,1,1
BRF:2
BRH:2
end_of_record
TN:
SF:src/content/handlers/content-storage-handler.ts
FN:8,(anonymous_7)
FN:11,(anonymous_8)
FN:17,(anonymous_9)
FN:23,(anonymous_10)
FNF:4
FNH:4
FNDA:1,(anonymous_7)
FNDA:2,(anonymous_8)
FNDA:2,(anonymous_9)
FNDA:1,(anonymous_10)
DA:2,59
DA:3,59
DA:5,59
DA:7,59
DA:8,1
DA:12,2
DA:16,2
DA:18,2
DA:24,1
DA:25,1
DA:26,2
DA:27,2
DA:29,1
LF:13
LH:13
BRDA:18,0,0,2
BRDA:18,0,1,2
BRF:2
BRH:2
end_of_record
TN:
SF:src/content/handlers/delete-content-handler.ts
FN:17,(anonymous_7)
FN:22,(anonymous_8)
FN:26,(anonymous_10)
FN:26,(anonymous_11)
FN:30,(anonymous_12)
FN:34,(anonymous_13)
FN:34,(anonymous_14)
FN:51,(anonymous_15)
FN:82,(anonymous_16)
FN:147,(anonymous_18)
FN:161,(anonymous_19)
FN:169,(anonymous_20)
FN:170,(anonymous_21)
FN:172,(anonymous_22)
FN:174,(anonymous_23)
FN:186,(anonymous_24)
FN:187,(anonymous_26)
FN:189,(anonymous_27)
FN:191,(anonymous_28)
FNF:19
FNH:19
FNDA:1,(anonymous_7)
FNDA:5,(anonymous_8)
FNDA:3,(anonymous_10)
FNDA:3,(anonymous_11)
FNDA:2,(anonymous_12)
FNDA:2,(anonymous_13)
FNDA:2,(anonymous_14)
FNDA:2,(anonymous_15)
FNDA:8,(anonymous_16)
FNDA:1,(anonymous_18)
FNDA:3,(anonymous_19)
FNDA:3,(anonymous_20)
FNDA:3,(anonymous_21)
FNDA:2,(anonymous_22)
FNDA:1,(anonymous_23)
FNDA:5,(anonymous_24)
FNDA:5,(anonymous_26)
FNDA:4,(anonymous_27)
FNDA:1,(anonymous_28)
DA:2,55
DA:3,55
DA:4,55
DA:7,55
DA:8,55
DA:9,55
DA:10,55
DA:12,55
DA:14,1
DA:15,1
DA:17,1
DA:18,1
DA:19,1
DA:23,5
DA:24,5
DA:25,5
DA:26,3
DA:27,3
DA:28,3
DA:29,3
DA:30,3
DA:31,2
DA:33,3
DA:34,3
DA:35,2
DA:36,2
DA:37,2
DA:38,2
DA:39,2
DA:40,2
DA:41,1
DA:43,1
DA:46,0
DA:52,2
DA:55,5
DA:56,4
DA:57,4
DA:59,4
DA:60,7
DA:61,7
DA:63,7
DA:64,7
DA:65,7
DA:68,7
DA:70,7
DA:78,4
DA:83,8
DA:85,8
DA:86,8
DA:87,8
DA:88,8
DA:91,4
DA:92,2
DA:94,2
DA:99,4
DA:100,1
DA:102,3
DA:107,4
DA:108,1
DA:109,3
DA:111,1
DA:115,2
DA:116,1
DA:118,2
DA:120,4
DA:124,8
DA:125,4
DA:126,3
DA:127,3
DA:128,3
DA:129,3
DA:130,3
DA:131,3
DA:132,3
DA:134,3
DA:136,4
DA:137,4
DA:138,4
DA:139,4
DA:140,1
DA:141,1
DA:147,1
DA:150,3
DA:151,3
DA:152,3
DA:154,3
DA:156,3
DA:162,3
DA:163,3
DA:164,3
DA:165,3
DA:170,3
DA:171,3
DA:172,3
DA:173,2
DA:175,1
DA:176,1
DA:179,0
DA:180,0
DA:187,5
DA:188,5
DA:190,4
DA:192,1
DA:193,1
LF:104
LH:101
BRDA:38,0,0,2
BRDA:38,1,0,2
BRDA:38,1,1,2
BRDA:40,2,0,1
BRDA:56,3,0,4
BRDA:64,4,0,7
BRDA:65,5,0,7
BRDA:65,5,1,0
BRDA:88,6,0,4
BRDA:88,6,1,4
BRDA:91,7,0,2
BRDA:91,8,0,4
BRDA:91,8,1,2
BRDA:99,9,0,1
BRDA:99,9,1,3
BRDA:107,10,0,1
BRDA:107,10,1,3
BRDA:107,11,0,4
BRDA:107,11,1,1
BRDA:109,12,0,1
BRDA:109,12,1,2
BRDA:109,13,0,3
BRDA:109,13,1,3
BRDA:115,14,0,1
BRDA:124,15,0,4
BRDA:125,16,0,3
BRDA:127,17,0,3
BRDA:127,17,1,3
BRDA:130,18,0,3
BRDA:131,19,0,1
BRDA:131,19,1,2
BRDA:132,20,0,1
BRDA:132,20,1,2
BRDA:139,21,0,1
BRDA:139,21,1,3
BRF:35
BRH:34
end_of_record
TN:
SF:src/content/handlers/get-child-contents-handler.ts
FN:17,(anonymous_7)
FN:23,(anonymous_8)
FN:64,(anonymous_10)
FN:77,(anonymous_12)
FN:110,(anonymous_13)
FN:142,(anonymous_15)
FN:146,(anonymous_16)
FN:173,(anonymous_17)
FN:178,(anonymous_18)
FN:193,(anonymous_19)
FN:199,(anonymous_20)
FN:215,(anonymous_21)
FN:222,(anonymous_23)
FN:229,(anonymous_24)
FN:261,(anonymous_25)
FN:268,(anonymous_27)
FN:291,(anonymous_28)
FN:295,(anonymous_29)
FN:307,(anonymous_30)
FN:311,(anonymous_32)
FN:311,(anonymous_33)
FN:315,(anonymous_34)
FN:319,(anonymous_35)
FNF:23
FNH:19
FNDA:1,(anonymous_7)
FNDA:40,(anonymous_8)
FNDA:1,(anonymous_10)
FNDA:1,(anonymous_12)
FNDA:1,(anonymous_13)
FNDA:0,(anonymous_15)
FNDA:0,(anonymous_16)
FNDA:1,(anonymous_17)
FNDA:2,(anonymous_18)
FNDA:1,(anonymous_19)
FNDA:2,(anonymous_20)
FNDA:1,(anonymous_21)
FNDA:2,(anonymous_23)
FNDA:3,(anonymous_24)
FNDA:40,(anonymous_25)
FNDA:80,(anonymous_27)
FNDA:0,(anonymous_28)
FNDA:0,(anonymous_29)
FNDA:2,(anonymous_30)
FNDA:1,(anonymous_32)
FNDA:1,(anonymous_33)
FNDA:1,(anonymous_34)
FNDA:1,(anonymous_35)
DA:4,55
DA:5,55
DA:6,55
DA:8,55
DA:9,55
DA:10,55
DA:12,55
DA:15,55
DA:17,1
DA:18,1
DA:19,1
DA:20,1
DA:28,40
DA:30,40
DA:31,40
DA:32,40
DA:33,40
DA:34,40
DA:39,40
DA:41,40
DA:42,13
DA:43,13
DA:44,39
DA:45,39
DA:50,39
DA:51,0
DA:54,39
DA:56,13
DA:59,0
DA:61,40
DA:65,1
DA:66,1
DA:67,1
DA:68,1
DA:69,1
DA:71,1
DA:72,2
DA:73,2
DA:74,1
DA:77,1
DA:78,1
DA:79,1
DA:85,2
DA:86,1
DA:89,1
DA:90,1
DA:91,1
DA:92,1
DA:94,0
DA:97,1
DA:98,0
DA:100,1
DA:101,1
DA:107,1
DA:111,1
DA:114,1
DA:115,1
DA:116,1
DA:117,1
DA:118,1
DA:119,0
DA:121,0
DA:122,0
DA:128,0
DA:129,0
DA:132,1
DA:133,1
DA:135,1
DA:136,1
DA:137,1
DA:138,1
DA:139,1
DA:140,1
DA:141,1
DA:142,1
DA:143,1
DA:145,1
DA:146,1
DA:147,0
DA:149,1
DA:150,1
DA:151,1
DA:152,1
DA:153,1
DA:154,1
DA:155,0
DA:156,0
DA:157,0
DA:158,0
DA:159,0
DA:160,0
DA:165,0
DA:171,1
DA:176,1
DA:178,1
DA:179,2
DA:180,1
DA:182,1
DA:185,1
DA:186,1
DA:187,1
DA:188,1
DA:190,1
DA:197,1
DA:199,1
DA:200,2
DA:201,1
DA:203,1
DA:206,1
DA:207,1
DA:208,1
DA:209,0
DA:211,1
DA:216,1
DA:217,1
DA:218,1
DA:219,0
DA:222,1
DA:223,2
DA:226,1
DA:227,1
DA:228,1
DA:229,1
DA:230,3
DA:231,3
DA:232,3
DA:235,1
DA:236,1
DA:237,1
DA:240,1
DA:241,1
DA:243,0
DA:244,0
DA:246,0
DA:247,0
DA:250,1
DA:251,1
DA:254,1
DA:257,1
DA:262,40
DA:263,40
DA:264,40
DA:265,0
DA:268,40
DA:269,80
DA:272,40
DA:273,40
DA:274,120
DA:275,120
DA:276,40
DA:278,80
DA:280,80
DA:281,80
DA:282,80
DA:287,40
DA:290,0
DA:291,0
DA:292,0
DA:295,0
DA:296,0
DA:299,40
DA:302,40
DA:308,2
DA:309,2
DA:310,2
DA:311,1
DA:312,1
DA:313,1
DA:314,1
DA:315,1
DA:316,1
DA:318,1
DA:320,1
DA:322,2
LF:174
LH:145
BRDA:31,0,0,40
BRDA:31,0,1,0
BRDA:31,1,0,40
BRDA:31,1,1,40
BRDA:41,2,0,13
BRDA:41,3,0,40
BRDA:41,3,1,40
BRDA:50,4,0,0
BRDA:50,5,0,39
BRDA:50,5,1,0
BRDA:73,6,0,1
BRDA:85,7,0,1
BRDA:85,7,1,1
BRDA:91,8,0,1
BRDA:91,8,1,0
BRDA:97,9,0,0
BRDA:97,9,1,1
BRDA:114,10,0,1
BRDA:121,11,0,0
BRDA:121,11,1,0
BRDA:132,12,0,1
BRDA:135,13,0,1
BRDA:153,14,0,1
BRDA:153,14,1,0
BRDA:153,15,0,1
BRDA:153,15,1,1
BRDA:155,16,0,0
BRDA:158,17,0,0
BRDA:179,18,0,1
BRDA:179,18,1,1
BRDA:187,19,0,1
BRDA:200,20,0,1
BRDA:200,20,1,1
BRDA:208,21,0,0
BRDA:208,22,0,1
BRDA:208,22,1,1
BRDA:218,23,0,0
BRDA:218,24,0,1
BRDA:218,24,1,1
BRDA:236,25,0,1
BRDA:241,26,0,0
BRDA:241,26,1,0
BRDA:241,26,2,1
BRDA:241,26,3,1
BRDA:264,27,0,0
BRDA:264,28,0,40
BRDA:264,28,1,40
BRDA:275,29,0,40
BRDA:275,29,1,80
BRDA:281,30,0,80
BRDA:287,31,0,0
BRDA:287,31,1,0
BRDA:287,31,2,40
BRDA:287,31,3,40
BRF:54
BRH:37
end_of_record
TN:
SF:src/content/handlers/get-child-question-set-handler.ts
FN:9,(anonymous_14)
FN:16,(anonymous_15)
FN:36,(anonymous_17)
FN:64,(anonymous_19)
FN:68,(anonymous_20)
FN:82,(anonymous_22)
FNF:6
FNH:1
FNDA:16,(anonymous_14)
FNDA:0,(anonymous_15)
FNDA:0,(anonymous_17)
FNDA:0,(anonymous_19)
FNDA:0,(anonymous_20)
FNDA:0,(anonymous_22)
DA:4,54
DA:6,54
DA:8,54
DA:10,16
DA:11,16
DA:12,16
DA:13,16
DA:17,0
DA:19,0
DA:21,0
DA:22,0
DA:23,0
DA:24,0
DA:26,0
DA:27,0
DA:28,0
DA:30,0
DA:32,0
DA:37,0
DA:38,0
DA:40,0
DA:41,0
DA:42,0
DA:44,0
DA:45,0
DA:46,0
DA:47,0
DA:48,0
DA:50,0
DA:51,0
DA:52,0
DA:53,0
DA:54,0
DA:55,0
DA:60,0
DA:61,0
DA:65,0
DA:69,0
DA:70,0
DA:71,0
DA:72,0
DA:73,0
DA:74,0
DA:76,0
DA:78,0
DA:83,0
DA:84,0
DA:85,0
DA:87,0
LF:49
LH:7
BRDA:21,0,0,0
BRDA:21,0,1,0
BRDA:21,1,0,0
BRDA:21,1,1,0
BRDA:23,2,0,0
BRDA:37,3,0,0
BRDA:37,4,0,0
BRDA:37,4,1,0
BRDA:42,5,0,0
BRDA:42,5,1,0
BRDA:46,6,0,0
BRDA:46,7,0,0
BRDA:46,7,1,0
BRDA:50,8,0,0
BRDA:52,9,0,0
BRDA:52,10,0,0
BRDA:52,10,1,0
BRDA:54,11,0,0
BRDA:54,12,0,0
BRDA:54,12,1,0
BRDA:54,12,2,0
BRDA:71,13,0,0
BRDA:71,14,0,0
BRDA:71,14,1,0
BRDA:71,14,2,0
BRDA:84,15,0,0
BRDA:84,16,0,0
BRDA:84,16,1,0
BRDA:84,16,2,0
BRF:29
BRH:0
end_of_record
TN:
SF:src/content/handlers/get-content-details-handler.spec.data.ts
FNF:0
FNH:0
DA:3,1
LF:1
LH:1
BRF:0
BRH:0
end_of_record
TN:
SF:src/content/handlers/get-content-details-handler.ts
FN:31,(anonymous_7)
FN:39,(anonymous_8)
FN:51,(anonymous_9)
FN:56,(anonymous_10)
FN:60,(anonymous_11)
FN:66,(anonymous_12)
FN:80,(anonymous_13)
FN:80,(anonymous_14)
FN:142,(anonymous_15)
FN:149,(anonymous_16)
FN:153,(anonymous_17)
FN:160,(anonymous_18)
FN:172,(anonymous_19)
FN:186,(anonymous_20)
FN:202,(anonymous_21)
FN:209,(anonymous_22)
FN:211,(anonymous_23)
FN:214,(anonymous_24)
FN:226,(anonymous_25)
FN:228,(anonymous_26)
FN:235,(anonymous_27)
FN:242,(anonymous_28)
FN:252,(anonymous_29)
FN:254,(anonymous_30)
FN:259,(anonymous_31)
FN:270,(anonymous_32)
FN:272,(anonymous_33)
FN:277,(anonymous_34)
FN:288,(anonymous_35)
FN:290,(anonymous_36)
FN:292,(anonymous_37)
FNF:31
FNH:25
FNDA:1,(anonymous_7)
FNDA:0,(anonymous_8)
FNDA:2,(anonymous_9)
FNDA:2,(anonymous_10)
FNDA:2,(anonymous_11)
FNDA:2,(anonymous_12)
FNDA:2,(anonymous_13)
FNDA:2,(anonymous_14)
FNDA:1,(anonymous_15)
FNDA:1,(anonymous_16)
FNDA:1,(anonymous_17)
FNDA:3,(anonymous_18)
FNDA:0,(anonymous_19)
FNDA:0,(anonymous_20)
FNDA:1,(anonymous_21)
FNDA:0,(anonymous_22)
FNDA:0,(anonymous_23)
FNDA:0,(anonymous_24)
FNDA:3,(anonymous_25)
FNDA:3,(anonymous_26)
FNDA:3,(anonymous_27)
FNDA:3,(anonymous_28)
FNDA:1,(anonymous_29)
FNDA:1,(anonymous_30)
FNDA:1,(anonymous_31)
FNDA:1,(anonymous_32)
FNDA:1,(anonymous_33)
FNDA:1,(anonymous_34)
FNDA:1,(anonymous_35)
FNDA:1,(anonymous_36)
FNDA:1,(anonymous_37)
DA:1,55
DA:2,55
DA:15,55
DA:17,55
DA:18,55
DA:19,55
DA:21,55
DA:22,55
DA:23,55
DA:24,55
DA:25,55
DA:26,55
DA:28,55
DA:29,1
DA:31,1
DA:32,1
DA:33,1
DA:34,1
DA:35,1
DA:36,1
DA:40,0
DA:52,2
DA:57,2
DA:59,2
DA:61,2
DA:62,0
DA:65,2
DA:67,2
DA:68,1
DA:70,2
DA:71,0
DA:73,2
DA:80,2
DA:81,2
DA:82,0
DA:85,2
DA:86,2
DA:89,2
DA:90,2
DA:91,0
DA:92,0
DA:95,2
DA:96,2
DA:97,2
DA:98,2
DA:100,2
DA:107,1
DA:108,0
DA:120,1
DA:121,1
DA:143,1
DA:149,1
DA:154,1
DA:161,3
DA:163,1
DA:173,0
DA:177,1
DA:187,0
DA:191,1
DA:203,1
DA:210,0
DA:212,0
DA:215,0
DA:227,3
DA:229,3
DA:230,1
DA:233,2
DA:236,3
DA:237,1
DA:240,2
DA:243,3
DA:244,1
DA:247,2
DA:253,1
DA:255,1
DA:260,1
DA:271,1
DA:273,1
DA:278,1
DA:289,1
DA:291,1
DA:293,1
LF:82
LH:70
BRDA:52,0,0,2
BRDA:52,0,1,0
BRDA:57,1,0,2
BRDA:57,1,1,0
BRDA:61,2,0,0
BRDA:67,3,0,1
BRDA:70,4,0,0
BRDA:70,5,0,2
BRDA:70,5,1,1
BRDA:81,6,0,0
BRDA:81,7,0,2
BRDA:81,7,1,2
BRDA:86,8,0,2
BRDA:86,8,1,0
BRDA:89,9,0,2
BRDA:89,9,1,0
BRDA:91,10,0,0
BRDA:107,11,0,0
BRDA:120,12,0,1
BRDA:161,13,0,1
BRDA:161,13,1,1
BRDA:161,13,2,1
BRDA:229,14,0,1
BRDA:236,15,0,1
BRDA:243,16,0,1
BRF:25
BRH:16
end_of_record
TN:
SF:src/content/handlers/get-content-heirarchy-handler.ts
FN:8,(anonymous_0)
FN:11,(anonymous_1)
FN:19,(anonymous_2)
FN:25,(anonymous_3)
FN:28,(anonymous_4)
FNF:5
FNH:5
FNDA:1,(anonymous_0)
FNDA:1,(anonymous_1)
FNDA:1,(anonymous_2)
FNDA:3,(anonymous_3)
FNDA:2,(anonymous_4)
DA:1,55
DA:2,55
DA:5,55
DA:6,1
DA:8,1
DA:12,1
DA:17,1
DA:20,1
DA:26,3
DA:27,3
DA:28,1
DA:29,2
DA:32,3
LF:13
LH:13
BRDA:27,0,0,1
BRDA:27,1,0,3
BRDA:27,1,1,1
BRF:3
BRH:3
end_of_record
TN:
SF:src/content/handlers/get-contents-handler.ts
FN:8,(anonymous_0)
FN:78,(anonymous_1)
FN:81,(anonymous_2)
FN:88,(anonymous_3)
FN:91,(anonymous_4)
FN:95,(anonymous_5)
FN:102,(anonymous_6)
FN:113,(anonymous_7)
FN:127,(anonymous_8)
FN:135,(anonymous_9)
FN:156,(anonymous_10)
FN:167,(anonymous_11)
FN:176,(anonymous_12)
FN:185,(anonymous_13)
FNF:14
FNH:14
FNDA:7,(anonymous_0)
FNDA:7,(anonymous_1)
FNDA:3,(anonymous_2)
FNDA:7,(anonymous_3)
FNDA:3,(anonymous_4)
FNDA:2,(anonymous_5)
FNDA:2,(anonymous_6)
FNDA:3,(anonymous_7)
FNDA:6,(anonymous_8)
FNDA:7,(anonymous_9)
FNDA:5,(anonymous_10)
FNDA:7,(anonymous_11)
FNDA:35,(anonymous_12)
FNDA:30,(anonymous_13)
DA:1,55
DA:2,55
DA:3,55
DA:5,55
DA:9,7
DA:10,1
DA:22,7
DA:24,7
DA:26,7
DA:27,7
DA:29,7
DA:30,1
DA:31,1
DA:33,6
DA:34,6
DA:35,6
DA:38,7
DA:39,7
DA:41,7
DA:42,7
DA:43,2
DA:45,7
DA:46,3
DA:49,7
DA:50,6
DA:52,7
DA:53,7
DA:54,7
DA:55,7
DA:56,3
DA:57,2
DA:58,1
DA:61,1
DA:64,2
DA:65,2
DA:68,4
DA:69,3
DA:71,1
DA:75,7
DA:79,7
DA:80,7
DA:81,2
DA:82,3
DA:85,7
DA:89,7
DA:90,7
DA:91,2
DA:92,3
DA:94,5
DA:95,1
DA:96,2
DA:99,7
DA:103,2
DA:114,3
DA:115,3
DA:116,2
DA:118,1
DA:120,3
DA:128,6
DA:129,6
DA:130,6
DA:131,1
DA:132,1
DA:133,1
DA:135,6
DA:136,7
DA:137,6
DA:138,1
DA:140,1
DA:141,5
DA:142,2
DA:144,2
DA:145,3
DA:146,2
DA:148,2
DA:152,6
DA:157,5
DA:158,5
DA:159,1
DA:161,4
DA:163,5
DA:164,5
DA:168,7
DA:176,7
DA:177,35
DA:178,30
DA:181,35
DA:186,30
DA:187,30
DA:188,30
DA:189,35
DA:190,5
DA:192,30
DA:195,30
LF:94
LH:94
BRDA:9,0,0,1
BRDA:9,1,0,7
BRDA:9,1,1,7
BRDA:24,2,0,1
BRDA:24,2,1,6
BRDA:29,3,0,1
BRDA:29,3,1,6
BRDA:42,4,0,2
BRDA:45,5,0,3
BRDA:49,6,0,6
BRDA:54,7,0,1
BRDA:54,7,1,6
BRDA:55,8,0,3
BRDA:55,8,1,4
BRDA:56,9,0,2
BRDA:57,10,0,1
BRDA:57,10,1,1
BRDA:68,11,0,3
BRDA:68,11,1,1
BRDA:80,12,0,2
BRDA:82,13,0,1
BRDA:82,13,1,2
BRDA:90,14,0,2
BRDA:90,14,1,5
BRDA:92,15,0,1
BRDA:92,15,1,2
BRDA:94,16,0,1
BRDA:96,17,0,1
BRDA:96,17,1,1
BRDA:115,18,0,2
BRDA:115,18,1,1
BRDA:130,19,0,1
BRDA:136,20,0,6
BRDA:137,21,0,1
BRDA:137,21,1,5
BRDA:137,22,0,6
BRDA:137,22,1,2
BRDA:141,23,0,2
BRDA:141,23,1,3
BRDA:145,24,0,2
BRDA:158,25,0,1
BRDA:158,25,1,4
BRDA:177,26,0,30
BRDA:177,27,0,35
BRDA:177,27,1,30
BRDA:189,28,0,5
BRDA:189,28,1,30
BRF:47
BRH:47
end_of_record
TN:
SF:src/content/handlers/import-n-export-handler.ts
FN:17,(anonymous_8)
FN:24,(anonymous_9)
FN:29,(anonymous_10)
FN:45,(anonymous_11)
FN:60,(anonymous_12)
FN:65,(anonymous_13)
FN:78,(anonymous_14)
FN:92,(anonymous_15)
FN:98,(anonymous_17)
FN:98,(anonymous_18)
FN:101,(anonymous_19)
FN:105,(anonymous_20)
FN:111,(anonymous_21)
FN:126,(anonymous_22)
FN:130,(anonymous_23)
FNF:15
FNH:14
FNDA:4,(anonymous_8)
FNDA:1,(anonymous_9)
FNDA:1,(anonymous_10)
FNDA:1,(anonymous_11)
FNDA:4,(anonymous_12)
FNDA:4,(anonymous_13)
FNDA:4,(anonymous_14)
FNDA:1,(anonymous_15)
FNDA:1,(anonymous_17)
FNDA:1,(anonymous_18)
FNDA:1,(anonymous_19)
FNDA:0,(anonymous_20)
FNDA:4,(anonymous_21)
FNDA:2,(anonymous_22)
FNDA:1,(anonymous_23)
DA:1,56
DA:2,56
DA:3,56
DA:5,56
DA:8,56
DA:9,56
DA:10,56
DA:11,56
DA:13,56
DA:14,56
DA:15,56
DA:17,4
DA:18,4
DA:19,4
DA:25,1
DA:26,1
DA:27,1
DA:28,1
DA:29,1
DA:31,1
DA:33,1
DA:34,1
DA:36,1
DA:38,1
DA:39,1
DA:42,1
DA:44,1
DA:45,1
DA:46,1
DA:47,1
DA:48,0
DA:50,1
DA:53,0
DA:57,1
DA:61,4
DA:62,4
DA:63,4
DA:64,4
DA:65,4
DA:66,4
DA:67,4
DA:69,4
DA:71,2
DA:72,2
DA:75,4
DA:77,4
DA:78,4
DA:79,4
DA:80,4
DA:81,0
DA:83,4
DA:86,0
DA:89,4
DA:93,1
DA:95,1
DA:96,1
DA:97,1
DA:98,1
DA:99,1
DA:100,1
DA:101,1
DA:102,1
DA:104,1
DA:106,0
DA:108,1
DA:112,4
DA:113,4
DA:114,4
DA:115,4
DA:116,4
DA:119,4
DA:120,4
DA:121,4
DA:122,4
DA:123,4
DA:127,2
DA:128,2
DA:129,1
DA:130,1
DA:131,1
DA:136,2
DA:137,2
DA:138,2
DA:139,2
LF:84
LH:79
BRDA:36,0,0,1
BRDA:47,1,0,0
BRDA:69,2,0,2
BRDA:80,3,0,0
BRDA:128,4,0,1
BRDA:129,5,0,1
BRF:6
BRH:4
end_of_record
TN:
SF:src/content/handlers/question-set-file-read-handler.ts
FN:7,(anonymous_7)
FN:12,(anonymous_8)
FN:15,(anonymous_9)
FN:15,(anonymous_10)
FN:21,(anonymous_11)
FN:23,(anonymous_12)
FNF:6
FNH:1
FNDA:16,(anonymous_7)
FNDA:0,(anonymous_8)
FNDA:0,(anonymous_9)
FNDA:0,(anonymous_10)
FNDA:0,(anonymous_11)
FNDA:0,(anonymous_12)
DA:1,54
DA:2,54
DA:6,54
DA:8,16
DA:9,16
DA:13,0
DA:14,0
DA:15,0
DA:16,0
DA:18,0
DA:20,0
DA:22,0
DA:24,0
DA:25,0
DA:26,0
DA:28,0
LF:16
LH:5
BRDA:16,0,0,0
BRDA:16,0,1,0
BRDA:24,1,0,0
BRDA:24,2,0,0
BRDA:24,2,1,0
BRF:5
BRH:0
end_of_record
TN:
SF:src/content/handlers/search-content-handler.ts
FN:22,(anonymous_7)
FN:27,(anonymous_8)
FN:40,(anonymous_9)
FN:85,(anonymous_10)
FN:99,(anonymous_11)
FN:108,(anonymous_12)
FN:114,(anonymous_13)
FN:124,(anonymous_14)
FN:126,(anonymous_15)
FN:128,(anonymous_16)
FN:154,(anonymous_17)
FN:176,(anonymous_18)
FN:177,(anonymous_19)
FN:183,(anonymous_20)
FN:184,(anonymous_21)
FN:194,(anonymous_22)
FN:203,(anonymous_23)
FN:208,(anonymous_24)
FN:216,(anonymous_25)
FN:221,(anonymous_26)
FN:227,(anonymous_27)
FN:246,(anonymous_28)
FN:265,(anonymous_29)
FN:267,(anonymous_30)
FN:275,(anonymous_31)
FN:276,(anonymous_32)
FN:286,(anonymous_33)
FN:301,(anonymous_34)
FN:304,(anonymous_35)
FN:315,(anonymous_36)
FN:355,(anonymous_38)
FN:369,(anonymous_39)
FN:381,(anonymous_40)
FN:393,(anonymous_41)
FN:394,(anonymous_42)
FN:397,(anonymous_43)
FN:409,(anonymous_44)
FN:412,(anonymous_45)
FN:416,(anonymous_46)
FNF:39
FNH:32
FNDA:1,(anonymous_7)
FNDA:3,(anonymous_8)
FNDA:3,(anonymous_9)
FNDA:5,(anonymous_10)
FNDA:5,(anonymous_11)
FNDA:2,(anonymous_12)
FNDA:1,(anonymous_13)
FNDA:4,(anonymous_14)
FNDA:1,(anonymous_15)
FNDA:2,(anonymous_16)
FNDA:2,(anonymous_17)
FNDA:0,(anonymous_18)
FNDA:0,(anonymous_19)
FNDA:0,(anonymous_20)
FNDA:0,(anonymous_21)
FNDA:0,(anonymous_22)
FNDA:0,(anonymous_23)
FNDA:0,(anonymous_24)
FNDA:7,(anonymous_25)
FNDA:2,(anonymous_26)
FNDA:4,(anonymous_27)
FNDA:3,(anonymous_28)
FNDA:2,(anonymous_29)
FNDA:1,(anonymous_30)
FNDA:1,(anonymous_31)
FNDA:1,(anonymous_32)
FNDA:1,(anonymous_33)
FNDA:1,(anonymous_34)
FNDA:2,(anonymous_35)
FNDA:8,(anonymous_36)
FNDA:9,(anonymous_38)
FNDA:3,(anonymous_39)
FNDA:3,(anonymous_40)
FNDA:3,(anonymous_41)
FNDA:3,(anonymous_42)
FNDA:2,(anonymous_43)
FNDA:6,(anonymous_44)
FNDA:19,(anonymous_45)
FNDA:5,(anonymous_46)
DA:1,54
DA:17,54
DA:18,54
DA:20,54
DA:22,1
DA:23,1
DA:24,1
DA:28,3
DA:29,3
DA:30,3
DA:31,3
DA:32,3
DA:34,3
DA:35,1
DA:37,3
DA:38,3
DA:39,1
DA:40,1
DA:42,3
DA:46,3
DA:50,3
DA:63,3
DA:64,3
DA:65,3
DA:66,1
DA:68,3
DA:69,0
DA:71,3
DA:72,3
DA:73,3
DA:74,3
DA:77,3
DA:78,1
DA:79,1
DA:82,3
DA:86,5
DA:100,5
DA:101,2
DA:102,3
DA:103,2
DA:105,1
DA:109,2
DA:110,2
DA:111,2
DA:113,2
DA:114,1
DA:115,1
DA:121,2
DA:125,4
DA:126,1
DA:127,1
DA:128,1
DA:129,2
DA:130,1
DA:134,1
DA:135,1
DA:136,1
DA:138,0
DA:139,0
DA:141,0
DA:142,0
DA:145,0
DA:146,0
DA:148,1
DA:155,2
DA:175,2
DA:176,0
DA:177,0
DA:178,0
DA:182,2
DA:183,0
DA:184,0
DA:185,0
DA:186,0
DA:187,0
DA:188,0
DA:189,0
DA:191,0
DA:192,0
DA:193,0
DA:194,0
DA:200,2
DA:204,0
DA:205,0
DA:206,0
DA:208,0
DA:209,0
DA:210,0
DA:213,0
DA:217,7
DA:218,5
DA:221,2
DA:222,2
DA:223,2
DA:229,4
DA:230,4
DA:242,4
DA:243,1
DA:246,3
DA:247,3
DA:248,3
DA:249,3
DA:250,3
DA:251,3
DA:256,3
DA:258,3
DA:260,3
DA:261,3
DA:262,3
DA:266,2
DA:267,1
DA:268,1
DA:269,1
DA:270,1
DA:276,1
DA:277,1
DA:278,1
DA:279,0
DA:281,1
DA:283,1
DA:288,1
DA:289,1
DA:298,1
DA:302,1
DA:304,2
DA:320,8
DA:321,8
DA:323,1
DA:326,8
DA:327,4
DA:328,2
DA:329,2
DA:330,1
DA:332,4
DA:333,2
DA:334,1
DA:335,1
DA:336,1
DA:340,8
DA:341,5
DA:342,5
DA:343,5
DA:347,8
DA:348,3
DA:349,3
DA:352,8
DA:356,9
DA:357,9
DA:358,9
DA:359,9
DA:360,9
DA:361,9
DA:362,9
DA:363,9
DA:364,9
DA:365,9
DA:366,9
DA:371,3
DA:372,1
DA:373,2
DA:374,1
DA:376,1
DA:378,3
DA:383,3
DA:384,1
DA:385,2
DA:386,1
DA:388,1
DA:390,3
DA:394,3
DA:395,3
DA:396,3
DA:397,2
DA:398,2
DA:399,1
DA:403,3
DA:404,3
DA:406,3
DA:410,6
DA:411,6
DA:412,6
DA:413,19
DA:414,19
DA:415,5
DA:416,5
DA:417,5
DA:418,5
DA:420,5
DA:421,14
DA:422,14
DA:423,14
DA:424,14
DA:427,6
DA:428,6
LF:194
LH:165
BRDA:34,0,0,1
BRDA:34,1,0,3
BRDA:34,1,1,3
BRDA:38,2,0,1
BRDA:51,3,0,3
BRDA:51,3,1,0
BRDA:52,4,0,1
BRDA:52,4,1,2
BRDA:56,5,0,1
BRDA:56,5,1,2
BRDA:57,6,0,1
BRDA:57,6,1,2
BRDA:63,7,0,3
BRDA:65,8,0,1
BRDA:68,9,0,0
BRDA:77,10,0,1
BRDA:91,11,0,3
BRDA:91,11,1,2
BRDA:91,12,0,5
BRDA:91,12,1,3
BRDA:92,13,0,1
BRDA:92,13,1,4
BRDA:92,14,0,5
BRDA:92,14,1,4
BRDA:100,15,0,2
BRDA:100,15,1,3
BRDA:102,16,0,2
BRDA:113,17,0,1
BRDA:113,18,0,2
BRDA:113,18,1,1
BRDA:125,19,0,1
BRDA:125,20,0,4
BRDA:125,20,1,1
BRDA:129,21,0,1
BRDA:134,22,0,1
BRDA:136,23,0,0
BRDA:136,23,1,0
BRDA:136,23,2,0
BRDA:136,23,3,0
BRDA:156,24,0,0
BRDA:156,24,1,2
BRDA:156,25,0,2
BRDA:156,25,1,0
BRDA:159,26,0,1
BRDA:159,26,1,1
BRDA:159,27,0,2
BRDA:159,27,1,1
BRDA:160,28,0,0
BRDA:160,28,1,2
BRDA:160,29,0,2
BRDA:160,29,1,0
BRDA:161,30,0,1
BRDA:161,30,1,1
BRDA:161,31,0,2
BRDA:161,31,1,1
BRDA:162,32,0,1
BRDA:162,32,1,1
BRDA:162,33,0,2
BRDA:162,33,1,1
BRDA:163,34,0,1
BRDA:163,34,1,1
BRDA:163,35,0,2
BRDA:163,35,1,1
BRDA:164,36,0,1
BRDA:164,36,1,1
BRDA:164,37,0,2
BRDA:164,37,1,1
BRDA:165,38,0,1
BRDA:165,38,1,1
BRDA:165,39,0,2
BRDA:165,39,1,1
BRDA:166,40,0,1
BRDA:166,40,1,1
BRDA:166,41,0,2
BRDA:166,41,1,1
BRDA:167,42,0,1
BRDA:167,42,1,1
BRDA:167,43,0,2
BRDA:167,43,1,1
BRDA:168,44,0,1
BRDA:168,44,1,1
BRDA:168,45,0,2
BRDA:168,45,1,1
BRDA:169,46,0,1
BRDA:169,46,1,1
BRDA:169,47,0,2
BRDA:169,47,1,1
BRDA:170,48,0,1
BRDA:170,48,1,1
BRDA:170,49,0,2
BRDA:170,49,1,1
BRDA:171,50,0,1
BRDA:171,50,1,1
BRDA:171,51,0,2
BRDA:171,51,1,1
BRDA:172,52,0,1
BRDA:172,52,1,1
BRDA:172,53,0,2
BRDA:172,53,1,1
BRDA:175,54,0,0
BRDA:182,55,0,0
BRDA:188,56,0,0
BRDA:191,57,0,0
BRDA:193,58,0,0
BRDA:205,59,0,0
BRDA:209,60,0,0
BRDA:217,61,0,5
BRDA:237,62,0,4
BRDA:237,62,1,0
BRDA:237,63,0,4
BRDA:237,63,1,4
BRDA:239,64,0,4
BRDA:239,64,1,0
BRDA:242,65,0,1
BRDA:247,66,0,3
BRDA:247,66,1,0
BRDA:250,67,0,3
BRDA:266,68,0,1
BRDA:266,69,0,2
BRDA:266,69,1,2
BRDA:278,70,0,0
BRDA:278,71,0,1
BRDA:278,71,1,1
BRDA:288,72,0,1
BRDA:288,72,1,0
BRDA:288,73,0,1
BRDA:288,73,1,1
BRDA:296,74,0,1
BRDA:296,74,1,0
BRDA:301,75,0,1
BRDA:321,76,0,2
BRDA:321,76,1,6
BRDA:321,77,0,8
BRDA:321,77,1,6
BRDA:326,78,0,4
BRDA:326,78,1,4
BRDA:327,79,0,2
BRDA:327,79,1,2
BRDA:327,80,0,4
BRDA:327,80,1,3
BRDA:329,81,0,1
BRDA:329,82,0,2
BRDA:329,82,1,1
BRDA:332,83,0,2
BRDA:333,84,0,1
BRDA:333,84,1,1
BRDA:333,85,0,2
BRDA:333,85,1,2
BRDA:335,86,0,1
BRDA:335,87,0,1
BRDA:335,87,1,1
BRDA:340,88,0,5
BRDA:340,89,0,8
BRDA:340,89,1,6
BRDA:340,89,2,5
BRDA:342,90,0,5
BRDA:342,90,1,5
BRDA:344,91,0,5
BRDA:344,91,1,5
BRDA:347,92,0,3
BRDA:350,93,0,3
BRDA:350,93,1,3
BRDA:371,94,0,1
BRDA:371,94,1,2
BRDA:373,95,0,1
BRDA:373,95,1,1
BRDA:383,96,0,1
BRDA:383,96,1,2
BRDA:385,97,0,1
BRDA:385,97,1,1
BRDA:396,98,0,2
BRDA:398,99,0,1
BRDA:398,100,0,2
BRDA:398,100,1,2
BRDA:398,100,2,2
BRDA:414,101,0,5
BRDA:414,101,1,14
BRDA:414,102,0,19
BRDA:414,102,1,5
BRDA:421,103,0,14
BRF:180
BRH:157
end_of_record
TN:
SF:src/content/handlers/export/clean-temp-loc.ts
FN:10,(anonymous_7)
FN:13,(anonymous_8)
FN:22,(anonymous_10)
FN:23,(anonymous_11)
FN:25,(anonymous_12)
FNF:5
FNH:5
FNDA:1,(anonymous_7)
FNDA:4,(anonymous_8)
FNDA:2,(anonymous_10)
FNDA:1,(anonymous_11)
FNDA:1,(anonymous_12)
DA:2,1
DA:3,1
DA:4,1
DA:8,1
DA:10,1
DA:14,4
DA:15,4
DA:16,4
DA:17,4
DA:18,3
DA:19,3
DA:20,2
DA:21,2
DA:22,2
DA:23,2
DA:24,1
DA:26,1
DA:33,4
DA:34,4
LF:19
LH:19
BRDA:17,0,0,3
BRDA:17,1,0,4
BRDA:17,1,1,4
BRDA:19,2,0,2
BRDA:21,3,0,2
BRF:5
BRH:5
end_of_record
TN:
SF:src/content/handlers/export/compress-content.ts
FN:8,(anonymous_7)
FN:11,(anonymous_8)
FN:31,(anonymous_10)
FN:32,(anonymous_11)
FN:34,(anonymous_12)
FNF:5
FNH:5
FNDA:1,(anonymous_7)
FNDA:2,(anonymous_8)
FNDA:1,(anonymous_10)
FNDA:1,(anonymous_11)
FNDA:1,(anonymous_12)
DA:2,55
DA:3,55
DA:4,55
DA:5,55
DA:7,55
DA:8,1
DA:12,2
DA:13,2
DA:14,2
DA:15,2
DA:17,2
DA:20,1
DA:23,1
DA:24,1
DA:25,1
DA:26,1
DA:27,1
DA:28,1
DA:29,1
DA:30,1
DA:31,1
DA:32,1
DA:33,1
DA:35,1
DA:41,2
DA:42,2
LF:26
LH:26
BRDA:17,0,0,1
BRDA:17,1,0,2
BRDA:17,1,1,1
BRDA:17,1,2,1
BRDA:24,2,0,1
BRF:5
BRH:5
end_of_record
TN:
SF:src/content/handlers/export/copy-asset.ts
FN:8,(anonymous_7)
FN:11,(anonymous_8)
FN:69,(anonymous_10)
FN:71,(anonymous_11)
FN:80,(anonymous_12)
FN:81,(anonymous_14)
FN:83,(anonymous_15)
FN:85,(anonymous_16)
FNF:8
FNH:8
FNDA:2,(anonymous_7)
FNDA:5,(anonymous_8)
FNDA:2,(anonymous_10)
FNDA:2,(anonymous_11)
FNDA:5,(anonymous_12)
FNDA:5,(anonymous_14)
FNDA:2,(anonymous_15)
FNDA:3,(anonymous_16)
DA:1,55
DA:2,55
DA:3,55
DA:4,55
DA:6,55
DA:12,5
DA:13,5
DA:14,5
DA:15,5
DA:16,5
DA:17,2
DA:21,5
DA:22,5
DA:23,1
DA:26,5
DA:27,5
DA:28,5
DA:29,3
DA:30,3
DA:32,3
DA:33,6
DA:34,4
DA:35,4
DA:41,0
DA:46,3
DA:47,3
DA:48,3
DA:49,1
DA:50,1
DA:51,1
DA:52,1
DA:55,0
DA:59,3
DA:61,3
DA:62,3
DA:64,2
DA:65,2
DA:70,2
DA:71,2
DA:72,2
DA:73,2
DA:74,1
DA:77,2
DA:81,5
DA:82,5
DA:84,2
DA:86,3
DA:87,3
LF:48
LH:46
BRDA:16,0,0,2
BRDA:16,1,0,5
BRDA:16,1,1,2
BRDA:22,2,0,1
BRDA:22,3,0,5
BRDA:22,3,1,5
BRDA:33,4,0,4
BRDA:33,5,0,6
BRDA:33,5,1,4
BRDA:48,6,0,1
BRDA:50,7,0,1
BRDA:73,8,0,1
BRDA:73,9,0,2
BRDA:73,9,1,2
BRF:14
BRH:14
end_of_record
TN:
SF:src/content/handlers/export/copy-to-destination.ts
FN:7,(anonymous_7)
FN:10,(anonymous_8)
FN:11,(anonymous_10)
FN:20,(anonymous_11)
FN:22,(anonymous_12)
FNF:5
FNH:5
FNDA:3,(anonymous_7)
FNDA:2,(anonymous_8)
FNDA:2,(anonymous_10)
FNDA:1,(anonymous_11)
FNDA:1,(anonymous_12)
DA:2,55
DA:5,55
DA:11,2
DA:13,2
DA:14,1
DA:16,1
DA:18,2
DA:21,1
DA:23,1
DA:24,1
LF:10
LH:10
BRDA:13,0,0,1
BRDA:13,0,1,1
BRDA:16,1,0,0
BRDA:16,1,1,1
BRF:4
BRH:3
end_of_record
TN:
SF:src/content/handlers/export/create-content-export-manifest.ts
FN:12,(anonymous_1)
FN:16,(anonymous_2)
FNF:2
FNH:2
FNDA:2,(anonymous_1)
FNDA:2,(anonymous_2)
DA:3,55
DA:4,55
DA:7,55
DA:9,55
DA:10,55
DA:12,2
DA:13,2
DA:17,2
DA:18,2
DA:19,2
DA:20,2
DA:21,2
DA:22,2
DA:23,2
DA:24,2
DA:25,2
DA:28,2
DA:29,2
DA:30,2
DA:31,2
DA:32,2
DA:33,2
LF:22
LH:22
BRF:0
BRH:0
end_of_record
TN:
SF:src/content/handlers/export/create-temp-loc.ts
FN:9,(anonymous_0)
FN:12,(anonymous_1)
FN:15,(anonymous_2)
FN:19,(anonymous_3)
FNF:4
FNH:4
FNDA:2,(anonymous_0)
FNDA:3,(anonymous_1)
FNDA:2,(anonymous_2)
FNDA:1,(anonymous_3)
DA:3,55
DA:4,55
DA:7,55
DA:9,2
DA:13,3
DA:14,3
DA:16,2
DA:17,2
DA:18,2
DA:20,1
LF:10
LH:10
BRF:0
BRH:0
end_of_record
TN:
SF:src/content/handlers/export/delete-temp-ecar.ts
FN:8,(anonymous_7)
FN:11,(anonymous_8)
FN:14,(anonymous_10)
FN:17,(anonymous_11)
FNF:4
FNH:4
FNDA:1,(anonymous_7)
FNDA:2,(anonymous_8)
FNDA:1,(anonymous_10)
FNDA:1,(anonymous_11)
DA:3,1
DA:4,1
DA:6,1
DA:8,1
DA:12,2
DA:13,2
DA:15,1
DA:16,1
DA:18,1
DA:19,1
LF:10
LH:10
BRF:0
BRH:0
end_of_record
TN:
SF:src/content/handlers/export/deletete-temp-dir.ts
FN:6,(anonymous_7)
FN:9,(anonymous_8)
FN:11,(anonymous_10)
FN:13,(anonymous_11)
FN:16,(anonymous_12)
FNF:5
FNH:5
FNDA:1,(anonymous_7)
FNDA:2,(anonymous_8)
FNDA:2,(anonymous_10)
FNDA:1,(anonymous_11)
FNDA:1,(anonymous_12)
DA:1,55
DA:4,55
DA:10,2
DA:11,2
DA:12,2
DA:13,2
DA:14,1
DA:15,1
DA:17,1
DA:18,1
LF:10
LH:10
BRF:0
BRH:0
end_of_record
TN:
SF:src/content/handlers/export/device-memory-check.ts
FN:6,(anonymous_7)
FN:9,(anonymous_8)
FN:12,(anonymous_10)
FN:22,(anonymous_11)
FN:25,(anonymous_12)
FNF:5
FNH:5
FNDA:1,(anonymous_7)
FNDA:2,(anonymous_8)
FNDA:2,(anonymous_10)
FNDA:2,(anonymous_11)
FNDA:1,(anonymous_12)
DA:3,55
DA:5,55
DA:6,1
DA:10,2
DA:11,2
DA:13,2
DA:17,2
DA:18,2
DA:23,2
DA:24,2
DA:25,1
DA:26,1
DA:27,1
DA:31,2
LF:14
LH:14
BRDA:24,0,0,1
BRDA:26,1,0,1
BRF:2
BRH:2
end_of_record
TN:
SF:src/content/handlers/export/ecar-bundle.ts
FN:11,(anonymous_7)
FN:15,(anonymous_8)
FN:17,(anonymous_10)
FN:22,(anonymous_11)
FN:24,(anonymous_12)
FNF:5
FNH:4
FNDA:1,(anonymous_7)
FNDA:1,(anonymous_8)
FNDA:1,(anonymous_10)
FNDA:1,(anonymous_11)
FNDA:0,(anonymous_12)
DA:4,55
DA:5,55
DA:8,55
DA:9,55
DA:11,1
DA:12,1
DA:16,1
DA:17,1
DA:18,1
DA:23,1
DA:25,0
DA:26,0
DA:29,1
DA:30,1
DA:31,1
DA:32,1
LF:16
LH:14
BRF:0
BRH:0
end_of_record
TN:
SF:src/content/handlers/export/generate-export-share-telemetry.ts
FN:7,(anonymous_0)
FN:10,(anonymous_1)
FN:30,(anonymous_2)
FN:41,(anonymous_3)
FNF:4
FNH:3
FNDA:1,(anonymous_0)
FNDA:2,(anonymous_1)
FNDA:2,(anonymous_2)
FNDA:0,(anonymous_3)
DA:2,55
DA:3,55
DA:4,55
DA:6,55
DA:7,1
DA:11,2
DA:12,2
DA:13,2
DA:14,2
DA:23,2
DA:29,2
DA:32,2
DA:33,2
DA:35,0
DA:36,0
DA:38,2
DA:39,2
DA:40,2
DA:42,0
LF:19
LH:16
BRDA:32,0,0,2
BRDA:32,0,1,0
BRDA:35,1,0,0
BRDA:35,1,1,0
BRF:4
BRH:1
end_of_record
TN:
SF:src/content/handlers/export/write-manifest.ts
FN:9,(anonymous_0)
FN:14,(anonymous_1)
FN:17,(anonymous_2)
FN:28,(anonymous_3)
FN:31,(anonymous_4)
FNF:5
FNH:5
FNDA:1,(anonymous_0)
FNDA:2,(anonymous_1)
FNDA:2,(anonymous_2)
FNDA:1,(anonymous_3)
FNDA:1,(anonymous_4)
[...]
DA:23,53
DA:26,53
DA:31,53
DA:33,53
DA:34,53
DA:35,53
DA:36,53
DA:37,53
DA:39,53
DA:40,53
DA:41,53
DA:47,53
DA:48,53
DA:49,53
DA:50,53
DA:56,53
DA:57,53
DA:61,53
DA:65,1
DA:66,1
DA:69,1
DA:70,1
DA:73,1
DA:77,1
DA:78,1
DA:79,1
DA:80,1
DA:81,1
DA:82,1
DA:83,1
DA:84,1
DA:85,1
DA:86,1
DA:87,1
DA:88,1
DA:89,1
DA:90,1
DA:91,1
DA:92,1
DA:93,1
DA:94,1
DA:96,1
DA:97,1
DA:101,4
DA:102,4
DA:103,3
DA:104,2
DA:107,4
DA:112,3
DA:113,3
DA:114,3
DA:115,2
DA:116,1
DA:117,1
DA:119,0
DA:122,2
DA:125,3
DA:126,3
DA:127,3
DA:128,3
DA:130,0
DA:134,3
DA:135,0
DA:137,0
DA:139,0
DA:142,3
DA:145,2
DA:155,2
DA:156,2
DA:157,2
DA:158,1
DA:160,1
DA:161,1
DA:168,1
DA:170,1
DA:177,1
DA:179,1
DA:183,1
DA:184,1
DA:185,1
DA:192,1
DA:194,1
DA:201,1
DA:203,1
DA:207,1
DA:208,1
DA:212,1
DA:213,1
DA:214,1
DA:216,1
DA:220,2
DA:222,2
DA:229,1
DA:231,1
DA:239,1
DA:242,1
DA:247,1
DA:248,1
DA:252,2
DA:255,2
DA:257,1
DA:259,1
DA:261,1
DA:263,1
DA:265,1
DA:267,1
DA:268,1
DA:274,1
DA:279,1
DA:284,1
DA:290,1
DA:291,1
DA:292,1
DA:294,1
DA:303,1
DA:320,2
DA:323,2
DA:324,1
DA:327,2
DA:330,2
DA:342,2
DA:343,1
DA:344,1
DA:345,1
DA:354,1
DA:358,1
DA:360,1
DA:368,11
DA:373,11
DA:374,11
DA:376,11
DA:378,11
DA:380,11
DA:387,11
DA:388,11
DA:395,11
DA:404,2
DA:408,0
DA:412,4
DA:413,4
DA:414,4
DA:415,3
DA:417,1
DA:420,0
LF:146
LH:139
BRDA:69,0,0,1
BRDA:103,1,0,2
BRDA:103,2,0,3
BRDA:103,2,1,2
BRDA:115,3,0,1
BRDA:127,4,0,3
BRDA:134,5,0,0
BRDA:134,5,1,3
BRDA:292,6,0,1
BRDA:292,6,1,0
BRDA:316,7,0,0
BRDA:323,8,0,1
BRDA:342,9,0,1
BRDA:342,10,0,2
BRDA:342,10,1,1
BRDA:378,11,0,11
BRDA:378,11,1,0
BRDA:383,12,0,11
BRDA:383,12,1,11
BRF:19
BRH:15
end_of_record
TN:
SF:src/telemetry/util/telemetry-auto-sync-modes.ts
FN:1,(anonymous_0)
FNF:1
FNH:1
FNDA:71,(anonymous_0)
DA:1,71
DA:2,71
DA:3,71
DA:4,71
LF:4
LH:4
BRDA:1,0,0,71
BRDA:1,0,1,71
BRF:2
BRH:2
end_of_record
TN:
SF:src/telemetry/util/telemetry-auto-sync-service-impl.ts
FN:68,(anonymous_7)
FN:14,(anonymous_8)
FN:15,(anonymous_10)
FN:17,(anonymous_11)
FN:45,(anonymous_12)
FN:74,(anonymous_13)
FN:76,(anonymous_14)
FN:80,(anonymous_15)
FN:84,(anonymous_16)
FN:88,(anonymous_17)
FN:97,(anonymous_18)
FN:98,(anonymous_19)
FN:99,(anonymous_20)
FN:102,(anonymous_21)
FN:111,(anonymous_22)
FN:115,(anonymous_23)
FNF:16
FNH:13
FNDA:2,(anonymous_7)
FNDA:9,(anonymous_8)
FNDA:9,(anonymous_10)
FNDA:0,(anonymous_11)
FNDA:0,(anonymous_12)
FNDA:2,(anonymous_13)
FNDA:2,(anonymous_14)
FNDA:1,(anonymous_15)
FNDA:5,(anonymous_16)
FNDA:28,(anonymous_17)
FNDA:28,(anonymous_18)
FNDA:27,(anonymous_19)
FNDA:27,(anonymous_20)
FNDA:0,(anonymous_21)
FNDA:1,(anonymous_22)
FNDA:1,(anonymous_23)
DA:1,53
DA:2,53
DA:3,53
DA:4,53
DA:7,53
DA:10,53
DA:11,53
DA:12,2
DA:15,9
DA:16,9
DA:17,9
DA:19,0
DA:23,0
DA:38,0
DA:39,0
DA:42,0
DA:46,0
DA:47,0
DA:49,0
DA:52,0
DA:56,0
DA:69,2
DA:70,2
DA:75,2
DA:76,2
DA:81,1
DA:85,5
DA:87,5
DA:89,28
DA:91,28
DA:92,9
DA:93,9
DA:97,28
DA:98,27
DA:100,27
DA:103,0
DA:104,0
DA:112,1
DA:116,1
LF:39
LH:27
BRDA:16,0,0,9
BRDA:16,0,1,0
BRDA:38,1,0,0
BRDA:46,2,0,0
BRDA:46,2,1,0
BRDA:91,3,0,9
BRDA:92,4,0,9
BRF:7
BRH:3
end_of_record
TN:
SF:src/telemetry/util/telemetry-logger.ts
FN:5,(anonymous_0)
FNF:1
FNH:1
FNDA:1,(anonymous_0)
DA:1,52
DA:4,52
DA:6,1
LF:3
LH:3
BRF:0
BRH:0
end_of_record
TN:
SF:src/util/array-util.ts
FN:3,(anonymous_0)
FN:4,(anonymous_1)
FN:7,(anonymous_2)
FN:11,(anonymous_3)
FN:15,(anonymous_4)
FN:16,(anonymous_5)
FNF:6
FNH:6
FNDA:52,(anonymous_0)
FNDA:83,(anonymous_1)
FNDA:15,(anonymous_2)
FNDA:16,(anonymous_3)
FNDA:6,(anonymous_4)
FNDA:6,(anonymous_5)
DA:1,117
DA:4,83
DA:8,15
DA:12,16
DA:16,6
DA:17,6
LF:6
LH:6
BRDA:8,0,0,15
BRDA:8,0,1,15
BRDA:12,1,0,16
BRDA:12,1,1,16
BRF:4
BRH:4
end_of_record
TN:
SF:src/util/number-util.ts
FN:2,(anonymous_0)
FN:6,(anonymous_1)
FN:10,(anonymous_2)
FNF:3
FNH:3
FNDA:2,(anonymous_0)
FNDA:6,(anonymous_1)
FNDA:3,(anonymous_2)
DA:1,123
DA:3,2
DA:7,6
DA:11,3
LF:4
LH:4
BRDA:7,0,0,3
BRDA:7,0,1,3
BRF:2
BRH:2
end_of_record
TN:
SF:src/util/object-util.ts
FN:2,(anonymous_0)
FN:3,(anonymous_1)
FN:13,(anonymous_2)
FN:44,(anonymous_3)
FN:45,(anonymous_4)
FN:55,(anonymous_5)
FN:56,(anonymous_6)
FN:59,(anonymous_7)
FN:60,(anonymous_8)
FN:63,(anonymous_9)
FN:64,(anonymous_10)
FNF:11
FNH:8
FNDA:4,(anonymous_0)
FNDA:0,(anonymous_1)
FNDA:4,(anonymous_2)
FNDA:1,(anonymous_3)
FNDA:4,(anonymous_4)
FNDA:2,(anonymous_5)
FNDA:12,(anonymous_6)
FNDA:0,(anonymous_7)
FNDA:0,(anonymous_8)
FNDA:4,(anonymous_9)
FNDA:11,(anonymous_10)
DA:1,58
DA:3,4
DA:4,0
DA:5,0
DA:6,0
DA:7,0
DA:10,0
DA:13,4
DA:14,4
DA:15,0
DA:18,4
DA:19,0
DA:22,4
DA:23,0
DA:24,0
DA:27,0
DA:29,0
DA:30,0
DA:31,0
DA:32,0
DA:35,0
DA:37,4
DA:41,4
DA:45,1
DA:46,4
DA:47,4
DA:50,0
DA:51,0
DA:56,12
DA:60,0
DA:64,4
DA:65,11
DA:66,2
DA:68,9
DA:71,11
LF:35
LH:17
BRDA:6,0,0,0
BRDA:14,1,0,0
BRDA:18,2,0,0
BRDA:22,3,0,0
BRDA:22,3,1,4
BRDA:22,4,0,4
BRDA:22,4,1,0
BRDA:23,5,0,0
BRDA:31,6,0,0
BRDA:46,7,0,4
BRDA:65,8,0,2
BRDA:65,8,1,9
BRDA:65,9,0,11
BRDA:65,9,1,3
BRF:14
BRH:7
end_of_record
TN:
SF:src/util/app/index.ts
FNF:0
FNH:0
DA:1,20
LF:1
LH:1
BRF:0
BRH:0
end_of_record
TN:
SF:src/util/app/impl/app-info-impl.ts
FN:17,(anonymous_11)
FN:24,(anonymous_12)
FN:27,(anonymous_13)
FN:31,(anonymous_14)
FN:35,(anonymous_15)
FN:42,(anonymous_17)
FN:62,(anonymous_18)
FN:63,(anonymous_19)
FN:65,(anonymous_20)
FN:67,(anonymous_21)
FN:79,(anonymous_22)
FN:82,(anonymous_23)
FN:86,(anonymous_24)
FNF:13
FNH:11
FNDA:3,(anonymous_11)
FNDA:3,(anonymous_12)
FNDA:1,(anonymous_13)
FNDA:0,(anonymous_14)
FNDA:3,(anonymous_15)
FNDA:2,(anonymous_17)
FNDA:2,(anonymous_18)
FNDA:2,(anonymous_19)
FNDA:2,(anonymous_20)
FNDA:0,(anonymous_21)
FNDA:1,(anonymous_22)
FNDA:1,(anonymous_23)
FNDA:3,(anonymous_24)
DA:3,54
DA:4,54
DA:6,54
DA:8,54
DA:9,54
DA:12,54
DA:18,3
DA:19,3
DA:21,3
DA:22,2
DA:24,3
DA:28,1
DA:32,0
DA:36,3
DA:37,3
DA:38,1
DA:40,2
DA:41,2
DA:43,2
DA:44,2
DA:45,1
DA:56,2
DA:57,2
DA:63,2
DA:64,2
DA:65,2
DA:66,2
DA:68,0
DA:69,0
DA:72,0
DA:73,0
DA:80,1
DA:82,1
DA:87,3
DA:88,3
DA:89,1
DA:90,1
DA:92,2
LF:38
LH:33
BRDA:21,0,0,2
BRDA:37,1,0,1
BRDA:40,2,0,2
BRDA:40,2,1,0
BRDA:44,3,0,1
BRDA:88,4,0,1
BRF:6
BRH:5
end_of_record
TN:
SF:src/util/device/index.ts
FNF:0
FNH:0
DA:1,20
LF:1
LH:1
BRF:0
BRH:0
end_of_record
TN:
SF:src/util/device/impl/device-info-impl.ts
FN:14,(anonymous_8)
FN:18,(anonymous_9)
FN:22,(anonymous_10)
FN:26,(anonymous_11)
FN:27,(anonymous_12)
FN:35,(anonymous_13)
FN:36,(anonymous_14)
FN:37,(anonymous_15)
FN:40,(anonymous_16)
FN:46,(anonymous_17)
FN:47,(anonymous_18)
FN:48,(anonymous_19)
FN:49,(anonymous_20)
FN:63,(anonymous_21)
FN:69,(anonymous_22)
FN:76,(anonymous_23)
FN:77,(anonymous_24)
FN:78,(anonymous_25)
FN:79,(anonymous_26)
FN:80,(anonymous_27)
FN:90,(anonymous_28)
FN:93,(anonymous_29)
FNF:22
FNH:0
FNDA:0,(anonymous_8)
FNDA:0,(anonymous_9)
FNDA:0,(anonymous_10)
FNDA:0,(anonymous_11)
FNDA:0,(anonymous_12)
FNDA:0,(anonymous_13)
FNDA:0,(anonymous_14)
FNDA:0,(anonymous_15)
FNDA:0,(anonymous_16)
FNDA:0,(anonymous_17)
FNDA:0,(anonymous_18)
FNDA:0,(anonymous_19)
FNDA:0,(anonymous_20)
FNDA:0,(anonymous_21)
FNDA:0,(anonymous_22)
FNDA:0,(anonymous_23)
FNDA:0,(anonymous_24)
FNDA:0,(anonymous_25)
FNDA:0,(anonymous_26)
FNDA:0,(anonymous_27)
FNDA:0,(anonymous_28)
FNDA:0,(anonymous_29)
DA:2,53
DA:3,53
DA:4,53
DA:5,53
DA:6,53
DA:9,53
DA:15,0
DA:19,0
DA:23,0
DA:24,0
DA:26,0
DA:27,0
DA:28,0
DA:29,0
DA:30,0
DA:36,0
DA:37,0
DA:38,0
DA:39,0
DA:41,0
DA:47,0
DA:48,0
DA:49,0
DA:50,0
DA:51,0
DA:57,0
DA:62,0
DA:64,0
DA:76,0
DA:77,0
DA:78,0
DA:79,0
DA:80,0
DA:82,0
DA:83,0
DA:85,0
DA:86,0
DA:91,0
DA:94,0
DA:96,0
DA:97,0
DA:99,0
DA:100,0
LF:43
LH:6
BRDA:23,0,0,0
BRDA:50,1,0,0
BRF:2
BRH:0
end_of_record
TN:
SF:src/util/download/index.ts
FNF:0
FNH:0
DA:1,57
DA:2,57
DA:3,57
DA:4,57
DA:5,57
LF:5
LH:5
BRF:0
BRH:0
end_of_record
TN:
SF:src/util/download/def/download-event.ts
FN:19,(anonymous_0)
FNF:1
FNH:1
FNDA:57,(anonymous_0)
DA:19,57
DA:20,57
DA:21,57
DA:22,57
LF:4
LH:4
BRDA:19,0,0,57
BRDA:19,0,1,57
BRF:2
BRH:2
end_of_record
TN:
SF:src/util/download/def/download-status.ts
FN:1,(anonymous_0)
FNF:1
FNH:1
FNDA:57,(anonymous_0)
DA:1,57
DA:2,57
DA:3,57
DA:4,57
DA:5,57
DA:6,57
LF:6
LH:6
BRDA:1,0,0,57
BRDA:1,0,1,57
BRF:2
BRH:2
end_of_record
TN:
SF:src/util/download/impl/download-service-impl.ts
FN:40,(anonymous_18)
FN:38,(anonymous_19)
FN:47,(anonymous_20)
FN:51,(anonymous_21)
FN:69,(anonymous_23)
FN:87,(anonymous_25)
FN:105,(anonymous_27)
FN:108,(anonymous_28)
FN:114,(anonymous_29)
FN:118,(anonymous_30)
FN:125,(anonymous_31)
FN:131,(anonymous_32)
FN:135,(anonymous_33)
FN:137,(anonymous_34)
FN:138,(anonymous_35)
FN:147,(anonymous_36)
FN:148,(anonymous_37)
FN:157,(anonymous_38)
FN:161,(anonymous_39)
FN:163,(anonymous_40)
FN:164,(anonymous_41)
FN:173,(anonymous_42)
FN:174,(anonymous_43)
FN:183,(anonymous_44)
FN:187,(anonymous_45)
FN:189,(anonymous_46)
FN:190,(anonymous_47)
FN:199,(anonymous_48)
FN:202,(anonymous_49)
FN:205,(anonymous_50)
FN:210,(anonymous_51)
FN:218,(anonymous_52)
FN:231,(anonymous_53)
FN:239,(anonymous_54)
FN:246,(anonymous_55)
FN:246,(anonymous_56)
FN:248,(anonymous_57)
FN:258,(anonymous_58)
FN:264,(anonymous_59)
FN:267,(anonymous_60)
FN:269,(anonymous_61)
FN:279,(anonymous_62)
FN:279,(anonymous_63)
FN:286,(anonymous_64)
FN:290,(anonymous_65)
FN:293,(anonymous_66)
FN:296,(anonymous_67)
FN:296,(anonymous_68)
FN:306,(anonymous_69)
FN:310,(anonymous_70)
FN:315,(anonymous_71)
FN:316,(anonymous_72)
FN:316,(anonymous_73)
FN:320,(anonymous_74)
FN:331,(anonymous_75)
FN:332,(anonymous_76)
FN:342,(anonymous_77)
FN:343,(anonymous_78)
FN:344,(anonymous_79)
FN:382,(anonymous_80)
FN:385,(anonymous_81)
FN:400,(anonymous_82)
FN:403,(anonymous_83)
FN:406,(anonymous_84)
FN:414,(anonymous_85)
FN:434,(anonymous_86)
FN:440,(anonymous_87)
FN:441,(anonymous_88)
FN:442,(anonymous_89)
FN:461,(anonymous_90)
FNF:70
FNH:68
FNDA:16,(anonymous_18)
FNDA:6,(anonymous_19)
FNDA:68,(anonymous_20)
FNDA:4,(anonymous_21)
FNDA:3,(anonymous_23)
FNDA:4,(anonymous_25)
FNDA:6,(anonymous_27)
FNDA:5,(anonymous_28)
FNDA:2,(anonymous_29)
FNDA:2,(anonymous_30)
FNDA:2,(anonymous_31)
FNDA:2,(anonymous_32)
FNDA:2,(anonymous_33)
FNDA:1,(anonymous_34)
FNDA:1,(anonymous_35)
FNDA:1,(anonymous_36)
FNDA:1,(anonymous_37)
FNDA:1,(anonymous_38)
FNDA:1,(anonymous_39)
FNDA:1,(anonymous_40)
FNDA:1,(anonymous_41)
FNDA:1,(anonymous_42)
FNDA:3,(anonymous_43)
FNDA:3,(anonymous_44)
FNDA:4,(anonymous_45)
FNDA:7,(anonymous_46)
FNDA:5,(anonymous_47)
FNDA:12,(anonymous_48)
FNDA:12,(anonymous_49)
FNDA:6,(anonymous_50)
FNDA:4,(anonymous_51)
FNDA:6,(anonymous_52)
FNDA:4,(anonymous_53)
FNDA:4,(anonymous_54)
FNDA:4,(anonymous_55)
FNDA:4,(anonymous_56)
FNDA:1,(anonymous_57)
FNDA:2,(anonymous_58)
FNDA:2,(anonymous_59)
FNDA:2,(anonymous_60)
FNDA:2,(anonymous_61)
FNDA:2,(anonymous_62)
FNDA:2,(anonymous_63)
FNDA:1,(anonymous_64)
FNDA:1,(anonymous_65)
FNDA:1,(anonymous_66)
FNDA:3,(anonymous_67)
FNDA:3,(anonymous_68)
FNDA:4,(anonymous_69)
FNDA:4,(anonymous_70)
FNDA:3,(anonymous_71)
FNDA:3,(anonymous_72)
FNDA:3,(anonymous_73)
FNDA:0,(anonymous_74)
FNDA:4,(anonymous_75)
FNDA:4,(anonymous_76)
FNDA:10,(anonymous_77)
FNDA:10,(anonymous_78)
FNDA:11,(anonymous_79)
FNDA:5,(anonymous_80)
FNDA:11,(anonymous_81)
FNDA:10,(anonymous_82)
FNDA:7,(anonymous_83)
FNDA:4,(anonymous_84)
FNDA:3,(anonymous_85)
FNDA:1,(anonymous_86)
FNDA:1,(anonymous_87)
FNDA:4,(anonymous_88)
FNDA:8,(anonymous_89)
FNDA:0,(anonymous_90)
DA:1,54
DA:10,54
DA:12,54
DA:14,54
DA:15,54
DA:17,54
DA:18,54
DA:19,54
DA:21,54
DA:22,54
DA:23,54
DA:24,54
DA:27,54
DA:30,54
DA:31,54
DA:32,54
DA:34,16
DA:38,16
DA:40,16
DA:41,16
DA:42,16
DA:44,16
DA:47,68
DA:52,4
DA:70,3
DA:88,4
DA:106,6
DA:109,5
DA:115,2
DA:119,2
DA:120,0
DA:123,2
DA:125,2
DA:132,2
DA:136,2
DA:137,1
DA:138,1
DA:139,1
DA:140,0
DA:143,1
DA:144,1
DA:147,1
DA:148,1
DA:152,1
DA:158,1
DA:162,1
DA:163,1
DA:164,1
DA:165,1
DA:166,0
DA:169,1
DA:170,1
DA:173,1
DA:174,3
DA:178,0
DA:184,3
DA:188,4
DA:190,7
DA:191,5
DA:192,5
DA:193,5
DA:200,12
DA:203,12
DA:204,6
DA:205,6
DA:209,6
DA:211,4
DA:212,4
DA:214,4
DA:218,6
DA:219,6
DA:232,4
DA:233,0
DA:236,4
DA:240,4
DA:241,4
DA:243,4
DA:244,4
DA:246,4
DA:249,1
DA:259,2
DA:265,2
DA:268,2
DA:269,2
DA:272,2
DA:273,0
DA:276,2
DA:279,2
DA:287,1
DA:291,1
DA:294,1
DA:296,3
DA:297,3
DA:307,4
DA:311,4
DA:312,3
DA:314,3
DA:315,3
DA:316,3
DA:317,3
DA:318,3
DA:320,0
DA:326,1
DA:332,4
DA:333,4
DA:343,10
DA:344,10
DA:345,11
DA:346,0
DA:357,0
DA:359,0
DA:361,0
DA:364,11
DA:366,11
DA:377,11
DA:383,5
DA:386,11
DA:387,7
DA:390,4
DA:398,4
DA:401,10
DA:404,7
DA:407,4
DA:415,3
DA:419,2
DA:435,1
DA:436,0
DA:439,1
DA:441,1
DA:442,4
DA:443,8
DA:444,8
DA:447,0
DA:451,1
DA:462,0
LF:135
LH:121
BRDA:59,0,0,0
BRDA:59,0,1,4
BRDA:59,1,0,4
BRDA:59,1,1,0
BRDA:61,2,0,0
BRDA:61,2,1,4
BRDA:61,3,0,4
BRDA:61,3,1,0
BRDA:63,4,0,4
BRDA:63,4,1,4
BRDA:77,5,0,0
BRDA:77,5,1,3
BRDA:77,6,0,3
BRDA:77,6,1,0
BRDA:79,7,0,0
BRDA:79,7,1,3
BRDA:79,8,0,3
BRDA:79,8,1,0
BRDA:81,9,0,3
BRDA:81,9,1,3
BRDA:95,10,0,0
BRDA:95,10,1,4
BRDA:95,11,0,4
BRDA:95,11,1,0
BRDA:97,12,0,0
BRDA:97,12,1,4
BRDA:97,13,0,4
BRDA:97,13,1,0
BRDA:99,14,0,4
BRDA:99,14,1,4
BRDA:119,15,0,0
BRDA:131,16,0,1
BRDA:136,17,0,1
BRDA:136,18,0,2
BRDA:136,18,1,1
BRDA:139,19,0,0
BRDA:162,20,0,1
BRDA:165,21,0,0
BRDA:191,22,0,5
BRDA:191,22,1,5
BRDA:192,23,0,5
BRDA:192,23,1,5
BRDA:203,24,0,6
BRDA:211,25,0,4
BRDA:211,25,1,4
BRDA:212,26,0,4
BRDA:212,26,1,4
BRDA:232,27,0,0
BRDA:240,28,0,0
BRDA:240,28,1,4
BRDA:272,29,0,0
BRDA:279,30,0,2
BRDA:279,30,1,1
BRDA:311,31,0,3
BRDA:345,32,0,0
BRDA:371,33,0,11
BRDA:371,33,1,0
BRDA:386,34,0,7
BRDA:415,35,0,2
BRDA:416,36,0,3
BRDA:416,36,1,3
BRDA:435,37,0,0
BRDA:435,38,0,1
BRDA:435,38,1,1
BRDA:443,39,0,8
BRDA:443,40,0,8
BRDA:443,40,1,8
BRDA:453,41,0,1
BRDA:453,41,1,0
BRDA:455,42,0,1
BRDA:455,42,1,0
BRF:71
BRH:48
end_of_record
TN:
SF:src/util/file/index.ts
FN:312,(anonymous_0)
FNF:1
FNH:1
FNDA:53,(anonymous_0)
DA:312,53
DA:313,53
DA:314,53
LF:3
LH:3
BRDA:312,0,0,53
BRDA:312,0,1,53
BRF:2
BRH:2
end_of_record
TN:
SF:src/util/file/util/file-util.ts
FN:2,(anonymous_0)
FN:7,(anonymous_1)
FN:11,(anonymous_2)
FN:15,(anonymous_3)
FN:20,(anonymous_4)
FN:24,(anonymous_5)
FN:32,(anonymous_6)
FNF:7
FNH:7
FNDA:1,(anonymous_0)
FNDA:13,(anonymous_1)
FNDA:1,(anonymous_2)
FNDA:1,(anonymous_3)
FNDA:1,(anonymous_4)
FNDA:1,(anonymous_5)
FNDA:5,(anonymous_6)
DA:1,62
DA:3,1
DA:4,1
DA:8,13
DA:12,1
DA:16,1
DA:17,1
DA:21,1
DA:25,1
DA:26,1
DA:27,1
DA:29,1
DA:33,5
LF:13
LH:13
BRDA:4,0,0,1
BRDA:4,0,1,0
BRDA:26,1,0,1
BRDA:29,2,0,1
BRDA:29,2,1,1
BRF:5
BRH:4
end_of_record
TN:
SF:src/util/file/util/path.ts
FN:4,(anonymous_0)
FN:8,(anonymous_1)
FN:11,(anonymous_2)
FNF:3
FNH:3
FNDA:1,(anonymous_0)
FNDA:1,(anonymous_1)
FNDA:6,(anonymous_2)
DA:1,68
DA:2,68
DA:5,1
DA:9,1
DA:12,6
LF:5
LH:5
BRDA:12,0,0,0
BRDA:12,0,1,5
BRF:2
BRH:1
end_of_record
TN:
SF:src/util/network/index.ts
FNF:0
FNH:0
DA:1,57
DA:2,57
LF:2
LH:2
BRF:0
BRH:0
end_of_record
TN:
SF:src/util/network/def/network-status.ts
FN:1,(anonymous_0)
FNF:1
FNH:1
FNDA:57,(anonymous_0)
DA:1,57
DA:2,57
DA:3,57
LF:3
LH:3
BRDA:1,0,0,57
BRDA:1,0,1,57
BRF:2
BRH:2
end_of_record
TN:
SF:src/util/network/impl/network-info-service-impl.ts
FN:10,(anonymous_2)
FN:17,(anonymous_3)
FN:21,(anonymous_4)
FNF:3
FNH:3
FNDA:5,(anonymous_2)
FNDA:5,(anonymous_3)
FNDA:5,(anonymous_4)
DA:1,54
DA:2,54
DA:3,54
DA:6,54
DA:11,5
DA:12,4
DA:14,1
DA:17,5
DA:18,5
DA:21,5
DA:22,5
DA:25,5
LF:12
LH:12
BRDA:11,0,0,4
BRDA:11,0,1,1
BRF:2
BRH:2
end_of_record
TN:
SF:src/util/search-history/index.ts
FNF:0
FNH:0
DA:1,20
DA:2,20
LF:2
LH:2
BRF:0
BRH:0
end_of_record
TN:
SF:src/util/search-history/db/schema.ts
FN:3,(anonymous_0)
FN:20,(anonymous_1)
FN:30,(anonymous_2)
FNF:3
FNH:2
FNDA:57,(anonymous_0)
FNDA:3,(anonymous_1)
FNDA:0,(anonymous_2)
DA:1,57
DA:3,57
DA:5,57
DA:6,57
DA:7,57
DA:8,57
DA:9,57
DA:10,57
DA:20,57
DA:21,3
DA:30,57
DA:31,0
LF:12
LH:11
BRDA:3,0,0,57
BRDA:3,0,1,57
BRF:2
BRH:2
end_of_record
TN:
SF:src/util/search-history/impl/search-history-service-impl.ts
FN:16,(anonymous_4)
FN:20,(anonymous_5)
FN:23,(anonymous_6)
FN:36,(anonymous_7)
FN:50,(anonymous_8)
FN:53,(anonymous_9)
FN:69,(anonymous_10)
FN:70,(anonymous_11)
FNF:8
FNH:8
FNDA:1,(anonymous_4)
FNDA:1,(anonymous_5)
FNDA:1,(anonymous_6)
FNDA:1,(anonymous_7)
FNDA:1,(anonymous_8)
FNDA:1,(anonymous_9)
FNDA:1,(anonymous_10)
FNDA:2,(anonymous_11)
DA:2,53
DA:5,53
DA:6,53
DA:8,53
DA:9,53
DA:10,53
DA:13,53
DA:14,53
DA:16,1
DA:17,1
DA:21,1
DA:24,1
DA:37,1
DA:51,1
DA:54,1
DA:56,1
DA:57,0
DA:60,1
DA:70,1
DA:71,2
LF:20
LH:19
BRDA:56,0,0,0
BRF:1
BRH:0
end_of_record
TN:
SF:src/util/search-history/util/search-history-db-entry-mapper.ts
FN:8,(anonymous_0)
FNF:1
FNH:1
FNDA:2,(anonymous_0)
DA:2,53
DA:3,53
DA:4,53
DA:5,53
DA:7,53
DA:9,2
LF:6
LH:6
BRF:0
BRH:0
end_of_record
TN:
SF:src/util/shared-preferences/index.ts
FNF:0
FNH:0
DA:1,20
DA:2,20
LF:2
LH:2
BRF:0
BRH:0
end_of_record
TN:
SF:src/util/shared-preferences/impl/shared-preferences-android.ts
FN:7,(anonymous_1)
FN:14,(anonymous_2)
FN:24,(anonymous_3)
FN:25,(anonymous_4)
FN:28,(anonymous_5)
FN:35,(anonymous_6)
FN:36,(anonymous_7)
FN:37,(anonymous_8)
FN:38,(anonymous_9)
FN:41,(anonymous_10)
FN:47,(anonymous_11)
FN:48,(anonymous_12)
FN:49,(anonymous_13)
FN:50,(anonymous_14)
FN:53,(anonymous_15)
FN:59,(anonymous_16)
FN:69,(anonymous_17)
FN:70,(anonymous_18)
FN:73,(anonymous_19)
FN:80,(anonymous_20)
FN:86,(anonymous_21)
FN:88,(anonymous_22)
FNF:22
FNH:17
FNDA:11,(anonymous_1)
FNDA:3,(anonymous_2)
FNDA:2,(anonymous_3)
FNDA:1,(anonymous_4)
FNDA:1,(anonymous_5)
FNDA:3,(anonymous_6)
FNDA:3,(anonymous_7)
FNDA:2,(anonymous_8)
FNDA:0,(anonymous_9)
FNDA:1,(anonymous_10)
FNDA:4,(anonymous_11)
FNDA:4,(anonymous_12)
FNDA:3,(anonymous_13)
FNDA:0,(anonymous_14)
FNDA:1,(anonymous_15)
FNDA:4,(anonymous_16)
FNDA:2,(anonymous_17)
FNDA:1,(anonymous_18)
FNDA:1,(anonymous_19)
FNDA:0,(anonymous_20)
FNDA:0,(anonymous_21)
FNDA:0,(anonymous_22)
DA:2,54
DA:3,54
DA:4,54
DA:7,54
DA:8,54
DA:10,11
DA:12,11
DA:15,3
DA:17,3
DA:18,1
DA:20,1
DA:24,2
DA:25,2
DA:26,1
DA:27,1
DA:29,1
DA:36,3
DA:37,3
DA:38,2
DA:39,2
DA:40,2
DA:42,1
DA:48,4
DA:49,4
DA:50,3
DA:51,3
DA:52,3
DA:54,1
DA:60,4
DA:62,4
DA:63,2
DA:65,2
DA:69,2
DA:70,2
DA:71,1
DA:72,1
DA:74,1
DA:81,0
DA:82,0
DA:83,0
DA:87,0
DA:88,0
LF:42
LH:37
BRDA:17,0,0,1
BRDA:17,0,1,2
BRDA:38,1,0,2
BRDA:38,1,1,2
BRDA:50,2,0,3
BRDA:50,2,1,3
BRDA:62,3,0,2
BRDA:62,3,1,2
BRDA:81,4,0,0
BRDA:81,4,1,0
BRDA:87,5,0,0
BRDA:87,5,1,0
BRF:12
BRH:8
end_of_record
TN:
SF:src/util/shared-preferences/impl/shared-preferences-set-collection-impl.ts
FN:10,(anonymous_1)
FN:13,(anonymous_2)
FN:16,(anonymous_3)
FN:17,(anonymous_4)
FN:23,(anonymous_5)
FN:27,(anonymous_6)
FN:30,(anonymous_7)
FN:37,(anonymous_8)
FN:41,(anonymous_9)
FN:45,(anonymous_10)
FN:49,(anonymous_11)
FN:52,(anonymous_12)
FN:59,(anonymous_13)
FN:63,(anonymous_14)
FN:66,(anonymous_15)
FN:72,(anonymous_16)
FN:75,(anonymous_17)
FN:85,(anonymous_18)
FN:88,(anonymous_19)
FN:89,(anonymous_20)
FN:97,(anonymous_21)
FN:100,(anonymous_22)
FNF:22
FNH:20
FNDA:34,(anonymous_1)
FNDA:5,(anonymous_2)
FNDA:5,(anonymous_3)
FNDA:9,(anonymous_4)
FNDA:5,(anonymous_5)
FNDA:6,(anonymous_6)
FNDA:6,(anonymous_7)
FNDA:6,(anonymous_8)
FNDA:17,(anonymous_9)
FNDA:17,(anonymous_10)
FNDA:2,(anonymous_11)
FNDA:2,(anonymous_12)
FNDA:2,(anonymous_13)
FNDA:0,(anonymous_14)
FNDA:0,(anonymous_15)
FNDA:38,(anonymous_16)
FNDA:38,(anonymous_17)
FNDA:25,(anonymous_18)
FNDA:25,(anonymous_19)
FNDA:19,(anonymous_20)
FNDA:7,(anonymous_21)
FNDA:10,(anonymous_22)
DA:3,55
DA:4,55
DA:5,55
DA:7,55
DA:8,34
DA:10,34
DA:14,5
DA:17,9
DA:19,5
DA:23,5
DA:28,6
DA:31,6
DA:33,6
DA:37,6
DA:42,17
DA:45,17
DA:50,2
DA:53,2
DA:55,2
DA:59,2
DA:64,0
DA:67,0
DA:73,38
DA:76,38
DA:77,0
DA:80,38
DA:86,25
DA:89,25
DA:90,19
DA:91,19
DA:98,7
DA:101,10
LF:32
LH:29
BRDA:76,0,0,0
BRF:1
BRH:0
end_of_record
TN:
SF:src/util/zip/impl/zip-service-impl.ts
FN:6,(anonymous_1)
FN:7,(anonymous_2)
FN:11,(anonymous_3)
FN:18,(anonymous_4)
FN:19,(anonymous_5)
FN:23,(anonymous_6)
FNF:6
FNH:6
FNDA:4,(anonymous_1)
FNDA:2,(anonymous_2)
FNDA:2,(anonymous_3)
FNDA:4,(anonymous_4)
FNDA:2,(anonymous_5)
FNDA:2,(anonymous_6)
DA:2,54
DA:5,54
DA:7,4
DA:8,2
DA:9,1
DA:12,2
DA:13,1
DA:19,4
DA:20,2
DA:21,1
DA:24,2
DA:25,1
LF:12
LH:12
BRDA:8,0,0,1
BRDA:12,1,0,1
BRDA:20,2,0,1
BRDA:24,3,0,1
BRF:4
BRH:4
end_of_record
